<?xml version="1.0" encoding="UTF-8"?>
<!-- Generated by org.testng.reporters.JUnitReportReporter -->
<testsuite hostname="DESKTOP-SUCKV7U" failures="0" tests="1" name="RC_Lite_Test.TC_Consent_N" time="0.157" errors="0" timestamp="2021-07-22T15:51:23 IST" skipped="0">
  <testcase classname="RC_Lite_Test.TC_Consent_N" name="APIResponse" time="0.157"/>
  <system-out/>
</testsuite> <!-- RC_Lite_Test.TC_Consent_N -->
