<?xml version="1.0" encoding="UTF-8"?>
<!-- Generated by org.testng.reporters.JUnitReportReporter -->
<testsuite hostname="DESKTOP-SUCKV7U" failures="0" tests="1" name="RC_Lite_Test.TC_InValid_IFSC" time="4.613" errors="0" timestamp="2021-07-15T18:12:31 IST" skipped="0">
  <testcase classname="RC_Lite_Test.TC_InValid_IFSC" name="APIResponse" time="4.613"/>
  <system-out/>
</testsuite> <!-- RC_Lite_Test.TC_InValid_IFSC -->
