<?xml version="1.0" encoding="UTF-8"?>
<!-- Generated by org.testng.reporters.JUnitReportReporter -->
<testsuite hostname="DESKTOP-SUCKV7U" failures="0" tests="1" name="PAN_Lite_Test.TC_Blank_APP_Id" time="6.208" errors="0" timestamp="2021-07-16T20:57:34 IST" skipped="0">
  <testcase classname="PAN_Lite_Test.TC_Blank_APP_Id" name="APIResponse" time="6.208"/>
  <system-out/>
</testsuite> <!-- PAN_Lite_Test.TC_Blank_APP_Id -->
