<?xml version="1.0" encoding="UTF-8"?>
<!-- Generated by org.testng.reporters.JUnitReportReporter -->
<testsuite hostname="DESKTOP-SUCKV7U" failures="0" tests="1" name="RC_Advance_Prod.TC_Blank_API_key" time="30.071" errors="0" timestamp="2021-07-18T00:09:12 IST" skipped="0">
  <testcase classname="RC_Advance_Prod.TC_Blank_API_key" name="APIResponse" time="30.071"/>
  <system-out/>
</testsuite> <!-- RC_Advance_Prod.TC_Blank_API_key -->
