<?xml version="1.0" encoding="UTF-8"?>
<!-- Generated by org.testng.reporters.JUnitReportReporter -->
<testsuite hostname="DESKTOP-SUCKV7U" failures="0" tests="1" name="RC_Lite_Prod.TC_InValid_APP_Id" time="5.211" errors="0" timestamp="2021-07-22T11:29:55 IST" skipped="0">
  <testcase classname="RC_Lite_Prod.TC_InValid_APP_Id" name="APIResponse" time="5.211"/>
  <system-out/>
</testsuite> <!-- RC_Lite_Prod.TC_InValid_APP_Id -->
