<?xml version="1.0" encoding="UTF-8"?>
<!-- Generated by org.testng.reporters.JUnitReportReporter -->
<testsuite hostname="DESKTOP-SUCKV7U" failures="0" tests="1" name="RC_Lite_Test.TC_Sufficient_Balance_Wallet" time="12.127" errors="0" timestamp="2021-07-15T21:42:16 IST" skipped="0">
  <testcase classname="RC_Lite_Test.TC_Sufficient_Balance_Wallet" name="APIResponse" time="12.127"/>
  <system-out/>
</testsuite> <!-- RC_Lite_Test.TC_Sufficient_Balance_Wallet -->
