<?xml version="1.0" encoding="UTF-8"?>
<!-- Generated by org.testng.reporters.JUnitReportReporter -->
<testsuite hostname="DESKTOP-SUCKV7U" failures="0" tests="1" name="Passport_Lite_Test.TC_Valid_Authentication_100" time="15.663" errors="0" timestamp="2021-07-20T16:06:19 IST" skipped="0">
  <testcase classname="Passport_Lite_Test.TC_Valid_Authentication_100" name="APIResponse" time="15.663"/>
  <system-out/>
</testsuite> <!-- Passport_Lite_Test.TC_Valid_Authentication_100 -->
