<?xml version="1.0" encoding="UTF-8"?>
<!-- Generated by org.testng.reporters.JUnitReportReporter -->
<testsuite hostname="DESKTOP-SUCKV7U" failures="0" tests="1" name="Passport_Lite_Test.TC_Disable_IP_Whitelisting" time="0.522" errors="0" timestamp="2021-07-22T11:30:01 IST" skipped="0">
  <testcase classname="Passport_Lite_Test.TC_Disable_IP_Whitelisting" name="APIResponse" time="0.522"/>
  <system-out/>
</testsuite> <!-- Passport_Lite_Test.TC_Disable_IP_Whitelisting -->
