<?xml version="1.0" encoding="UTF-8"?>
<!-- Generated by org.testng.reporters.JUnitReportReporter -->
<testsuite hostname="DESKTOP-SUCKV7U" failures="0" tests="1" name="GST_Lite_Test.TC_InValid_API_Id" time="0.505" errors="0" timestamp="2021-07-05T15:54:07 IST" skipped="0">
  <testcase classname="GST_Lite_Test.TC_InValid_API_Id" name="APIResponse" time="0.505"/>
  <system-out/>
</testsuite> <!-- GST_Lite_Test.TC_InValid_API_Id -->
