<?xml version="1.0" encoding="UTF-8"?>
<!-- Generated by org.testng.reporters.JUnitReportReporter -->
<testsuite hostname="DESKTOP-SUCKV7U" failures="0" tests="1" name="Voter_Advance_Prod.TC_Blank_Body" time="21.743" errors="0" timestamp="2021-07-19T19:33:04 IST" skipped="0">
  <testcase classname="Voter_Advance_Prod.TC_Blank_Body" name="APIResponse" time="21.743"/>
  <system-out/>
</testsuite> <!-- Voter_Advance_Prod.TC_Blank_Body -->
