<?xml version="1.0" encoding="UTF-8"?>
<!-- Generated by org.testng.reporters.JUnitReportReporter -->
<testsuite hostname="DESKTOP-SUCKV7U" failures="0" tests="1" name="GST_Lite_Test.TC_InValid_GST" time="6.495" errors="0" timestamp="2021-07-19T16:15:11 IST" skipped="0">
  <testcase classname="GST_Lite_Test.TC_InValid_GST" name="APIResponse" time="6.495"/>
  <system-out/>
</testsuite> <!-- GST_Lite_Test.TC_InValid_GST -->
