<?xml version="1.0" encoding="UTF-8"?>
<!-- Generated by org.testng.reporters.JUnitReportReporter -->
<testsuite hostname="DESKTOP-SUCKV7U" failures="0" tests="1" name="RC_Lite_Test.TC_Blank_API_key" time="4.927" errors="0" timestamp="2021-07-15T14:10:24 IST" skipped="0">
  <testcase classname="RC_Lite_Test.TC_Blank_API_key" name="APIResponse" time="4.927"/>
  <system-out/>
</testsuite> <!-- RC_Lite_Test.TC_Blank_API_key -->
