<?xml version="1.0" encoding="UTF-8"?>
<!-- Generated by org.testng.reporters.JUnitReportReporter -->
<testsuite hostname="DESKTOP-SUCKV7U" failures="0" tests="1" name="BAV_Lite_Test.TC_Consent_Text_200_PLUS" time="0.239" errors="0" timestamp="2021-07-23T16:56:02 IST" skipped="0">
  <testcase classname="BAV_Lite_Test.TC_Consent_Text_200_PLUS" name="APIResponse" time="0.239"/>
  <system-out/>
</testsuite> <!-- BAV_Lite_Test.TC_Consent_Text_200_PLUS -->
