<?xml version="1.0" encoding="UTF-8"?>
<!-- Generated by org.testng.reporters.JUnitReportReporter -->
<testsuite hostname="DESKTOP-SUCKV7U" failures="0" tests="1" name="PAN_Advance_Prod.TC_InActive_APP_ID" time="0.084" errors="0" timestamp="2021-07-31T18:38:54 IST" skipped="0">
  <testcase classname="PAN_Advance_Prod.TC_InActive_APP_ID" name="APIResponse" time="0.084"/>
  <system-out/>
</testsuite> <!-- PAN_Advance_Prod.TC_InActive_APP_ID -->
