<?xml version="1.0" encoding="UTF-8"?>
<!-- Generated by org.testng.reporters.JUnitReportReporter -->
<testsuite hostname="DESKTOP-SUCKV7U" failures="0" tests="1" name="RC_Advance_Test.TC_InValid_RC" time="2.854" errors="0" timestamp="2021-07-22T11:30:03 IST" skipped="0">
  <testcase classname="RC_Advance_Test.TC_InValid_RC" name="APIResponse" time="2.854"/>
  <system-out/>
</testsuite> <!-- RC_Advance_Test.TC_InValid_RC -->
