<?xml version="1.0" encoding="UTF-8"?>
<!-- Generated by org.testng.reporters.JUnitReportReporter -->
<testsuite hostname="DESKTOP-SUCKV7U" failures="0" tests="1" name="RC_Lite_Prod.TC_InValid_APP_Id_API_Key" time="1.029" errors="0" timestamp="2021-07-31T21:11:38 IST" skipped="0">
  <testcase classname="RC_Lite_Prod.TC_InValid_APP_Id_API_Key" name="APIResponse" time="1.029"/>
  <system-out/>
</testsuite> <!-- RC_Lite_Prod.TC_InValid_APP_Id_API_Key -->
