<?xml version="1.0" encoding="UTF-8"?>
<!-- Generated by org.testng.reporters.JUnitReportReporter -->
<testsuite hostname="DESKTOP-SUCKV7U" failures="0" tests="1" name="PAN_Lite_Test.TC_Sufficient_Balance_Wallet" time="8.936" errors="0" timestamp="2021-07-16T22:08:30 IST" skipped="0">
  <testcase classname="PAN_Lite_Test.TC_Sufficient_Balance_Wallet" name="APIResponse" time="8.936"/>
  <system-out/>
</testsuite> <!-- PAN_Lite_Test.TC_Sufficient_Balance_Wallet -->
