<?xml version="1.0" encoding="UTF-8"?>
<!-- Generated by org.testng.reporters.JUnitReportReporter -->
<testsuite hostname="DESKTOP-SUCKV7U" failures="0" tests="1" name="Passport_Lite_Prod.TC_InValid_customer_dob" time="3.490" errors="0" timestamp="2021-07-23T16:56:02 IST" skipped="0">
  <testcase classname="Passport_Lite_Prod.TC_InValid_customer_dob" name="APIResponse" time="3.490"/>
  <system-out/>
</testsuite> <!-- Passport_Lite_Prod.TC_InValid_customer_dob -->
