<?xml version="1.0" encoding="UTF-8"?>
<!-- Generated by org.testng.reporters.JUnitReportReporter -->
<testsuite hostname="DESKTOP-SUCKV7U" failures="0" tests="1" name="RC_Advance_Prod.TC_Consent_N" time="0.192" errors="0" timestamp="2021-07-31T18:38:53 IST" skipped="0">
  <testcase classname="RC_Advance_Prod.TC_Consent_N" name="APIResponse" time="0.192"/>
  <system-out/>
</testsuite> <!-- RC_Advance_Prod.TC_Consent_N -->
