<?xml version="1.0" encoding="UTF-8"?>
<!-- Generated by org.testng.reporters.JUnitReportReporter -->
<testsuite hostname="DESKTOP-SUCKV7U" failures="0" tests="1" name="RC_Lite_Test.TC_Consent_Text_200_PLUS" time="46.181" errors="0" timestamp="2021-07-15T16:49:14 IST" skipped="0">
  <testcase classname="RC_Lite_Test.TC_Consent_Text_200_PLUS" name="APIResponse" time="46.181"/>
  <system-out/>
</testsuite> <!-- RC_Lite_Test.TC_Consent_Text_200_PLUS -->
