<?xml version="1.0" encoding="UTF-8"?>
<!-- Generated by org.testng.reporters.JUnitReportReporter -->
<testsuite hostname="DESKTOP-SUCKV7U" failures="0" tests="2" name="DL_Products_API.TC_Valid_InValid_DL" time="8.551" errors="0" timestamp="2021-07-05T15:53:38 IST" skipped="0">
  <testcase classname="DL_Products_API.TC_Valid_InValid_DL" name="APIResponse" time="1.972"/>
  <system-out/>
  <testcase classname="DL_Products_API.TC_Valid_InValid_DL" name="APIResponse" time="6.579"/>
  <system-out/>
</testsuite> <!-- DL_Products_API.TC_Valid_InValid_DL -->
