<?xml version="1.0" encoding="UTF-8"?>
<!-- Generated by org.testng.reporters.JUnitReportReporter -->
<testsuite hostname="DESKTOP-SUCKV7U" failures="0" tests="1" name="Passport_Lite_Test.TC_Blank_Body" time="5.256" errors="0" timestamp="2021-07-16T13:47:53 IST" skipped="0">
  <testcase classname="Passport_Lite_Test.TC_Blank_Body" name="APIResponse" time="5.256"/>
  <system-out/>
</testsuite> <!-- Passport_Lite_Test.TC_Blank_Body -->
