<?xml version="1.0" encoding="UTF-8"?>
<!-- Generated by org.testng.reporters.JUnitReportReporter -->
<testsuite hostname="DESKTOP-SUCKV7U" failures="0" tests="1" name="BAV_Lite_Test.TC_GET" time="20.500" errors="0" timestamp="2021-07-14T23:27:58 IST" skipped="0">
  <testcase classname="BAV_Lite_Test.TC_GET" name="APIResponse" time="20.500"/>
  <system-out/>
</testsuite> <!-- BAV_Lite_Test.TC_GET -->
