<?xml version="1.0" encoding="UTF-8"?>
<!-- Generated by org.testng.reporters.JUnitReportReporter -->
<testsuite hostname="DESKTOP-SUCKV7U" failures="0" tests="1" name="PAN_Lite_Test.TC_Disable_Account" time="20.999" errors="0" timestamp="2021-07-19T18:14:13 IST" skipped="0">
  <testcase classname="PAN_Lite_Test.TC_Disable_Account" name="APIResponse" time="20.999"/>
  <system-out/>
</testsuite> <!-- PAN_Lite_Test.TC_Disable_Account -->
