<?xml version="1.0" encoding="UTF-8"?>
<!-- Generated by org.testng.reporters.JUnitReportReporter -->
<testsuite hostname="DESKTOP-SUCKV7U" failures="0" tests="1" name="GST_Lite_Test.TC_InValid_APP_Id" time="5.670" errors="0" timestamp="2021-07-19T16:01:17 IST" skipped="0">
  <testcase classname="GST_Lite_Test.TC_InValid_APP_Id" name="APIResponse" time="5.670"/>
  <system-out/>
</testsuite> <!-- GST_Lite_Test.TC_InValid_APP_Id -->
