<?xml version="1.0" encoding="UTF-8"?>
<!-- Generated by org.testng.reporters.JUnitReportReporter -->
<testsuite hostname="DESKTOP-SUCKV7U" failures="0" tests="1" name="GST_Lite_Prod.TC_Disable_IP_Whitelisting" time="6.945" errors="0" timestamp="2021-07-20T16:45:39 IST" skipped="0">
  <testcase classname="GST_Lite_Prod.TC_Disable_IP_Whitelisting" name="APIResponse" time="6.945"/>
  <system-out/>
</testsuite> <!-- GST_Lite_Prod.TC_Disable_IP_Whitelisting -->
