<?xml version="1.0" encoding="UTF-8"?>
<!-- Generated by org.testng.reporters.JUnitReportReporter -->
<testsuite hostname="DESKTOP-SUCKV7U" failures="0" tests="1" name="Passport_Lite_Prod.TC_Disable_Account" time="6.162" errors="0" timestamp="2021-07-20T16:12:27 IST" skipped="0">
  <testcase classname="Passport_Lite_Prod.TC_Disable_Account" name="APIResponse" time="6.162"/>
  <system-out/>
</testsuite> <!-- Passport_Lite_Prod.TC_Disable_Account -->
