<?xml version="1.0" encoding="UTF-8"?>
<!-- Generated by org.testng.reporters.JUnitReportReporter -->
<testsuite hostname="DESKTOP-SUCKV7U" failures="0" tests="1" name="RC_Lite_Test.TC_InValid_RC" time="4.357" errors="0" timestamp="2021-07-22T11:29:59 IST" skipped="0">
  <testcase classname="RC_Lite_Test.TC_InValid_RC" name="APIResponse" time="4.357"/>
  <system-out/>
</testsuite> <!-- RC_Lite_Test.TC_InValid_RC -->
