<?xml version="1.0" encoding="UTF-8"?>
<!-- Generated by org.testng.reporters.JUnitReportReporter -->
<testsuite hostname="DESKTOP-SUCKV7U" failures="0" tests="1" name="PAN_Lite_Test.TC_InValid_API_key" time="32.390" errors="0" timestamp="2021-07-16T21:44:44 IST" skipped="0">
  <testcase classname="PAN_Lite_Test.TC_InValid_API_key" name="APIResponse" time="32.390"/>
  <system-out/>
</testsuite> <!-- PAN_Lite_Test.TC_InValid_API_key -->
