<?xml version="1.0" encoding="UTF-8"?>
<!-- Generated by org.testng.reporters.JUnitReportReporter -->
<testsuite hostname="DESKTOP-SUCKV7U" failures="0" tests="1" name="PAN_Lite_Prod.TC_Valid_Authentication_100" time="16.817" errors="0" timestamp="2021-07-22T11:29:58 IST" skipped="0">
  <testcase classname="PAN_Lite_Prod.TC_Valid_Authentication_100" name="APIResponse" time="16.817"/>
  <system-out/>
</testsuite> <!-- PAN_Lite_Prod.TC_Valid_Authentication_100 -->
