<?xml version="1.0" encoding="UTF-8"?>
<!-- Generated by org.testng.reporters.JUnitReportReporter -->
<testsuite hostname="DESKTOP-SUCKV7U" failures="0" tests="1" name="DL_Advance_Prod.TC_Consent_N" time="0.182" errors="0" timestamp="2021-07-23T16:56:03 IST" skipped="0">
  <testcase classname="DL_Advance_Prod.TC_Consent_N" name="APIResponse" time="0.182"/>
  <system-out/>
</testsuite> <!-- DL_Advance_Prod.TC_Consent_N -->
