<?xml version="1.0" encoding="UTF-8"?>
<!-- Generated by org.testng.reporters.JUnitReportReporter -->
<testsuite hostname="DESKTOP-SUCKV7U" failures="0" tests="1" name="BAV_Lite_Prod.TC_InValid_APP_Id_API_Key" time="0.173" errors="0" timestamp="2021-07-23T16:56:02 IST" skipped="0">
  <testcase classname="BAV_Lite_Prod.TC_InValid_APP_Id_API_Key" name="APIResponse" time="0.173"/>
  <system-out/>
</testsuite> <!-- BAV_Lite_Prod.TC_InValid_APP_Id_API_Key -->
