<?xml version="1.0" encoding="UTF-8"?>
<!-- Generated by org.testng.reporters.JUnitReportReporter -->
<testsuite hostname="DESKTOP-SUCKV7U" failures="0" tests="1" name="PAN_Lite_Test.TC_InActive_APP_ID" time="25.425" errors="0" timestamp="2021-07-16T21:29:39 IST" skipped="0">
  <testcase classname="PAN_Lite_Test.TC_InActive_APP_ID" name="APIResponse" time="25.425"/>
  <system-out/>
</testsuite> <!-- PAN_Lite_Test.TC_InActive_APP_ID -->
