<?xml version="1.0" encoding="UTF-8"?>
<!-- Generated by org.testng.reporters.JUnitReportReporter -->
<testsuite hostname="DESKTOP-SUCKV7U" failures="0" tests="1" name="Passport_Lite_Prod.TC_InActive_API_key" time="0.092" errors="0" timestamp="2021-07-22T11:29:57 IST" skipped="0">
  <testcase classname="Passport_Lite_Prod.TC_InActive_API_key" name="APIResponse" time="0.092"/>
  <system-out/>
</testsuite> <!-- Passport_Lite_Prod.TC_InActive_API_key -->
