<?xml version="1.0" encoding="UTF-8"?>
<!-- Generated by org.testng.reporters.JUnitReportReporter -->
<testsuite hostname="DESKTOP-SUCKV7U" failures="0" tests="1" name="Voter_Advance_Prod.TC_Sufficient_Balance_Wallet" time="7.000" errors="0" timestamp="2021-07-19T21:16:07 IST" skipped="0">
  <testcase classname="Voter_Advance_Prod.TC_Sufficient_Balance_Wallet" name="APIResponse" time="7.000"/>
  <system-out/>
</testsuite> <!-- Voter_Advance_Prod.TC_Sufficient_Balance_Wallet -->
