<?xml version="1.0" encoding="UTF-8"?>
<!-- Generated by org.testng.reporters.JUnitReportReporter -->
<testsuite hostname="DESKTOP-SUCKV7U" failures="0" tests="1" name="Passport_Lite_Prod.TC_Sufficient_Balance_Wallet" time="6.136" errors="0" timestamp="2021-07-20T07:34:06 IST" skipped="0">
  <testcase classname="Passport_Lite_Prod.TC_Sufficient_Balance_Wallet" name="APIResponse" time="6.136"/>
  <system-out/>
</testsuite> <!-- Passport_Lite_Prod.TC_Sufficient_Balance_Wallet -->
