<?xml version="1.0" encoding="UTF-8"?>
<!-- Generated by org.testng.reporters.JUnitReportReporter -->
<testsuite hostname="DESKTOP-SUCKV7U" failures="0" tests="1" name="Passport_Lite_Test.TC_InValid_Passport" time="6.639" errors="0" timestamp="2021-07-16T16:27:59 IST" skipped="0">
  <testcase classname="Passport_Lite_Test.TC_InValid_Passport" name="APIResponse" time="6.639"/>
  <system-out/>
</testsuite> <!-- Passport_Lite_Test.TC_InValid_Passport -->
