<?xml version="1.0" encoding="UTF-8"?>
<!-- Generated by org.testng.reporters.JUnitReportReporter -->
<testsuite hostname="DESKTOP-SUCKV7U" failures="0" tests="1" name="GST_Advance_Test.TC_Sufficient_Balance_Wallet" time="1.649" errors="0" timestamp="2021-07-31T18:38:54 IST" skipped="0">
  <testcase classname="GST_Advance_Test.TC_Sufficient_Balance_Wallet" name="APIResponse" time="1.649"/>
  <system-out/>
</testsuite> <!-- GST_Advance_Test.TC_Sufficient_Balance_Wallet -->
