<?xml version="1.0" encoding="UTF-8"?>
<!-- Generated by org.testng.reporters.JUnitReportReporter -->
<testsuite hostname="DESKTOP-SUCKV7U" failures="0" tests="1" name="Passport_Lite_Test.TC_InValid_customer_first_name" time="0.176" errors="0" timestamp="2021-07-31T18:38:53 IST" skipped="0">
  <testcase classname="Passport_Lite_Test.TC_InValid_customer_first_name" name="APIResponse" time="0.176"/>
  <system-out/>
</testsuite> <!-- Passport_Lite_Test.TC_InValid_customer_first_name -->
