<?xml version="1.0" encoding="UTF-8"?>
<!-- Generated by org.testng.reporters.JUnitReportReporter -->
<testsuite hostname="DESKTOP-SUCKV7U" failures="0" tests="1" name="RC_Advance_Test.TC_Disable_IP_Whitelisting" time="2.707" errors="0" timestamp="2021-07-22T11:30:02 IST" skipped="0">
  <testcase classname="RC_Advance_Test.TC_Disable_IP_Whitelisting" name="APIResponse" time="2.707"/>
  <system-out/>
</testsuite> <!-- RC_Advance_Test.TC_Disable_IP_Whitelisting -->
