<?xml version="1.0" encoding="UTF-8"?>
<!-- Generated by org.testng.reporters.JUnitReportReporter -->
<testsuite hostname="DESKTOP-SUCKV7U" failures="0" tests="1" name="Voter_Advance_Prod.TC_InValid_EPIC" time="24.557" errors="0" timestamp="2021-07-19T21:05:09 IST" skipped="0">
  <testcase classname="Voter_Advance_Prod.TC_InValid_EPIC" name="APIResponse" time="24.557"/>
  <system-out/>
</testsuite> <!-- Voter_Advance_Prod.TC_InValid_EPIC -->
