<?xml version="1.0" encoding="UTF-8"?>
<!-- Generated by org.testng.reporters.JUnitReportReporter -->
<testsuite hostname="DESKTOP-SUCKV7U" failures="0" tests="1" name="PAN_Lite_Prod.TC_Disable_IP_Whitelisting" time="5.986" errors="0" timestamp="2021-07-20T16:21:41 IST" skipped="0">
  <testcase classname="PAN_Lite_Prod.TC_Disable_IP_Whitelisting" name="APIResponse" time="5.986"/>
  <system-out/>
</testsuite> <!-- PAN_Lite_Prod.TC_Disable_IP_Whitelisting -->
