<?xml version="1.0" encoding="UTF-8"?>
<!-- Generated by org.testng.reporters.JUnitReportReporter -->
<testsuite hostname="DESKTOP-SUCKV7U" failures="0" tests="1" name="Passport_Lite_Prod.TC_InValid_APP_Id_API_Key" time="4.999" errors="0" timestamp="2021-07-16T19:51:21 IST" skipped="0">
  <testcase classname="Passport_Lite_Prod.TC_InValid_APP_Id_API_Key" name="APIResponse" time="4.999"/>
  <system-out/>
</testsuite> <!-- Passport_Lite_Prod.TC_InValid_APP_Id_API_Key -->
