<?xml version="1.0" encoding="UTF-8"?>
<!-- Generated by org.testng.reporters.JUnitReportReporter -->
<testsuite hostname="DESKTOP-SUCKV7U" failures="0" tests="1" name="BAV_Lite_Prod.TC_Disable_Account" time="5.907" errors="0" timestamp="2021-07-19T18:46:28 IST" skipped="0">
  <testcase classname="BAV_Lite_Prod.TC_Disable_Account" name="APIResponse" time="5.907"/>
  <system-out/>
</testsuite> <!-- BAV_Lite_Prod.TC_Disable_Account -->
