<?xml version="1.0" encoding="UTF-8"?>
<!-- Generated by org.testng.reporters.JUnitReportReporter -->
<testsuite hostname="DESKTOP-SUCKV7U" failures="0" tests="1" name="Passport_Lite_Test.TC_InActive_API_key" time="5.912" errors="0" timestamp="2021-07-16T14:58:34 IST" skipped="0">
  <testcase classname="Passport_Lite_Test.TC_InActive_API_key" name="APIResponse" time="5.912"/>
  <system-out/>
</testsuite> <!-- Passport_Lite_Test.TC_InActive_API_key -->
