<?xml version="1.0" encoding="UTF-8"?>
<!-- Generated by org.testng.reporters.JUnitReportReporter -->
<testsuite hostname="DESKTOP-SUCKV7U" failures="0" tests="1" name="IFSC_Lite_Test.TC_Consent_Text_200_PLUS" time="24.684" errors="0" timestamp="2021-07-14T16:26:48 IST" skipped="0">
  <testcase classname="IFSC_Lite_Test.TC_Consent_Text_200_PLUS" name="APIResponse" time="24.684"/>
  <system-out/>
</testsuite> <!-- IFSC_Lite_Test.TC_Consent_Text_200_PLUS -->
