<?xml version="1.0" encoding="UTF-8"?>
<!-- Generated by org.testng.reporters.JUnitReportReporter -->
<testsuite hostname="DESKTOP-SUCKV7U" failures="0" tests="1" name="GST_Lite_Test.TC_Blank_APP_Id" time="0.205" errors="0" timestamp="2021-07-31T21:11:39 IST" skipped="0">
  <testcase classname="GST_Lite_Test.TC_Blank_APP_Id" name="APIResponse" time="0.205"/>
  <system-out/>
</testsuite> <!-- GST_Lite_Test.TC_Blank_APP_Id -->
