<?xml version="1.0" encoding="UTF-8"?>
<!-- Generated by org.testng.reporters.JUnitReportReporter -->
<testsuite hostname="DESKTOP-SUCKV7U" failures="0" tests="1" name="BAV_Lite_Test.TC_Disable_IP_Whitelisting" time="6.753" errors="0" timestamp="2021-07-20T17:05:22 IST" skipped="0">
  <testcase classname="BAV_Lite_Test.TC_Disable_IP_Whitelisting" name="APIResponse" time="6.753"/>
  <system-out/>
</testsuite> <!-- BAV_Lite_Test.TC_Disable_IP_Whitelisting -->
