<?xml version="1.0" encoding="UTF-8"?>
<!-- Generated by org.testng.reporters.JUnitReportReporter -->
<testsuite hostname="DESKTOP-SUCKV7U" failures="0" tests="1" name="Voter_Advance_Prod.TC_GET" time="2.214" errors="0" timestamp="2021-07-22T15:51:23 IST" skipped="0">
  <testcase classname="Voter_Advance_Prod.TC_GET" name="APIResponse" time="2.214"/>
  <system-out/>
</testsuite> <!-- Voter_Advance_Prod.TC_GET -->
