<?xml version="1.0" encoding="UTF-8"?>
<!-- Generated by org.testng.reporters.JUnitReportReporter -->
<testsuite hostname="DESKTOP-SUCKV7U" failures="0" tests="1" name="DL_Advance_Prod.TC_InValid_EndPoint" time="0.507" errors="0" timestamp="2021-07-31T21:11:39 IST" skipped="0">
  <testcase classname="DL_Advance_Prod.TC_InValid_EndPoint" name="APIResponse" time="0.507"/>
  <system-out/>
</testsuite> <!-- DL_Advance_Prod.TC_InValid_EndPoint -->
