<?xml version="1.0" encoding="UTF-8"?>
<!-- Generated by org.testng.reporters.JUnitReportReporter -->
<testsuite hostname="DESKTOP-SUCKV7U" failures="0" tests="1" name="RC_Advance_Prod.TC_InValid_EndPoint" time="1.193" errors="0" timestamp="2021-07-22T15:51:23 IST" skipped="0">
  <testcase classname="RC_Advance_Prod.TC_InValid_EndPoint" name="APIResponse" time="1.193"/>
  <system-out/>
</testsuite> <!-- RC_Advance_Prod.TC_InValid_EndPoint -->
