<?xml version="1.0" encoding="UTF-8"?>
<!-- Generated by org.testng.reporters.JUnitReportReporter -->
<testsuite hostname="DESKTOP-SUCKV7U" failures="0" tests="1" name="IFSC_Lite_Test.TC_Blank_Body" time="0.109" errors="0" timestamp="2021-07-22T11:29:57 IST" skipped="0">
  <testcase classname="IFSC_Lite_Test.TC_Blank_Body" name="APIResponse" time="0.109"/>
  <system-out/>
</testsuite> <!-- IFSC_Lite_Test.TC_Blank_Body -->
