<?xml version="1.0" encoding="UTF-8"?>
<!-- Generated by org.testng.reporters.JUnitReportReporter -->
<testsuite hostname="DESKTOP-SUCKV7U" failures="0" tests="1" name="Voter_Advance_Prod.TC_Product_Subscribed" time="6.935" errors="0" timestamp="2021-07-22T11:30:01 IST" skipped="0">
  <testcase classname="Voter_Advance_Prod.TC_Product_Subscribed" name="APIResponse" time="6.935"/>
  <system-out/>
</testsuite> <!-- Voter_Advance_Prod.TC_Product_Subscribed -->
