<?xml version="1.0" encoding="UTF-8"?>
<!-- Generated by org.testng.reporters.JUnitReportReporter -->
<testsuite hostname="DESKTOP-SUCKV7U" failures="0" tests="1" name="Passport_Lite_Test.TC_InValid_APP_Id" time="4.673" errors="0" timestamp="2021-07-16T16:01:46 IST" skipped="0">
  <testcase classname="Passport_Lite_Test.TC_InValid_APP_Id" name="APIResponse" time="4.673"/>
  <system-out/>
</testsuite> <!-- Passport_Lite_Test.TC_InValid_APP_Id -->
