<?xml version="1.0" encoding="UTF-8"?>
<!-- Generated by org.testng.reporters.JUnitReportReporter -->
<testsuite hostname="DESKTOP-SUCKV7U" failures="0" tests="1" name="IFSC_Lite_Test.TC_Blank_API_key" time="24.216" errors="0" timestamp="2021-07-14T16:54:01 IST" skipped="0">
  <testcase classname="IFSC_Lite_Test.TC_Blank_API_key" name="APIResponse" time="24.216"/>
  <system-out/>
</testsuite> <!-- IFSC_Lite_Test.TC_Blank_API_key -->
