<?xml version="1.0" encoding="UTF-8"?>
<!-- Generated by org.testng.reporters.JUnitReportReporter -->
<testsuite hostname="DESKTOP-SUCKV7U" failures="0" tests="1" name="GST_Lite_Prod.TC_Disable_Account" time="5.698" errors="0" timestamp="2021-07-19T17:58:00 IST" skipped="0">
  <testcase classname="GST_Lite_Prod.TC_Disable_Account" name="APIResponse" time="5.698"/>
  <system-out/>
</testsuite> <!-- GST_Lite_Prod.TC_Disable_Account -->
