<?xml version="1.0" encoding="UTF-8"?>
<!-- Generated by org.testng.reporters.JUnitReportReporter -->
<testsuite hostname="DESKTOP-SUCKV7U" failures="0" tests="1" name="IFSC_Lite_Test.TC_Blank_APP_Id" time="0.125" errors="0" timestamp="2021-07-23T16:56:02 IST" skipped="0">
  <testcase classname="IFSC_Lite_Test.TC_Blank_APP_Id" name="APIResponse" time="0.125"/>
  <system-out/>
</testsuite> <!-- IFSC_Lite_Test.TC_Blank_APP_Id -->
