<?xml version="1.0" encoding="UTF-8"?>
<!-- Generated by org.testng.reporters.JUnitReportReporter -->
<testsuite hostname="DESKTOP-SUCKV7U" failures="0" tests="1" name="Passport_Lite_Prod.TC_InValid_passport_expiry_date" time="4.932" errors="0" timestamp="2021-07-16T20:19:57 IST" skipped="0">
  <testcase classname="Passport_Lite_Prod.TC_InValid_passport_expiry_date" name="APIResponse" time="4.932"/>
  <system-out/>
</testsuite> <!-- Passport_Lite_Prod.TC_InValid_passport_expiry_date -->
