<?xml version="1.0" encoding="UTF-8"?>
<!-- Generated by org.testng.reporters.JUnitReportReporter -->
<testsuite hostname="DESKTOP-SUCKV7U" failures="0" tests="1" name="PAN_Advance_Test.TC_Product_Subscribed" time="25.561" errors="0" timestamp="2021-07-20T13:48:51 IST" skipped="0">
  <testcase classname="PAN_Advance_Test.TC_Product_Subscribed" name="APIResponse" time="25.561"/>
  <system-out/>
</testsuite> <!-- PAN_Advance_Test.TC_Product_Subscribed -->
