<?xml version="1.0" encoding="UTF-8"?>
<!-- Generated by org.testng.reporters.JUnitReportReporter -->
<testsuite hostname="DESKTOP-SUCKV7U" failures="0" tests="1" name="GST_Lite_Test.TC_Blank_API_key" time="34.732" errors="0" timestamp="2021-07-19T13:53:25 IST" skipped="0">
  <testcase classname="GST_Lite_Test.TC_Blank_API_key" name="APIResponse" time="34.732"/>
  <system-out/>
</testsuite> <!-- GST_Lite_Test.TC_Blank_API_key -->
