<?xml version="1.0" encoding="UTF-8"?>
<!-- Generated by org.testng.reporters.JUnitReportReporter -->
<testsuite hostname="DESKTOP-SUCKV7U" failures="0" tests="1" name="DL_Advance_Test.TC_InValid_APP_Id_API_Key" time="0.313" errors="0" timestamp="2021-07-22T15:51:23 IST" skipped="0">
  <testcase classname="DL_Advance_Test.TC_InValid_APP_Id_API_Key" name="APIResponse" time="0.313"/>
  <system-out/>
</testsuite> <!-- DL_Advance_Test.TC_InValid_APP_Id_API_Key -->
