<?xml version="1.0" encoding="UTF-8"?>
<!-- Generated by org.testng.reporters.JUnitReportReporter -->
<testsuite hostname="DESKTOP-SUCKV7U" failures="0" tests="1" name="Passport_Lite_Prod.TC_Blank_API_key" time="26.015" errors="0" timestamp="2021-07-20T07:29:03 IST" skipped="0">
  <testcase classname="Passport_Lite_Prod.TC_Blank_API_key" name="APIResponse" time="26.015"/>
  <system-out/>
</testsuite> <!-- Passport_Lite_Prod.TC_Blank_API_key -->
