<?xml version="1.0" encoding="UTF-8"?>
<!-- Generated by org.testng.reporters.JUnitReportReporter -->
<testsuite hostname="DESKTOP-SUCKV7U" failures="0" tests="1" name="PAN_Lite_Test.TC_Product_Subscribed" time="10.648" errors="0" timestamp="2021-07-20T13:54:13 IST" skipped="0">
  <testcase classname="PAN_Lite_Test.TC_Product_Subscribed" name="APIResponse" time="10.648"/>
  <system-out/>
</testsuite> <!-- PAN_Lite_Test.TC_Product_Subscribed -->
