<?xml version="1.0" encoding="UTF-8"?>
<!-- Generated by org.testng.reporters.JUnitReportReporter -->
<testsuite hostname="DESKTOP-SUCKV7U" failures="0" tests="1" name="RC_Lite_Test.TC_Disable_IP_Whitelisting" time="31.865" errors="0" timestamp="2021-07-20T15:13:11 IST" skipped="0">
  <testcase classname="RC_Lite_Test.TC_Disable_IP_Whitelisting" name="APIResponse" time="31.865"/>
  <system-out/>
</testsuite> <!-- RC_Lite_Test.TC_Disable_IP_Whitelisting -->
