<?xml version="1.0" encoding="UTF-8"?>
<!-- Generated by org.testng.reporters.JUnitReportReporter -->
<testsuite hostname="DESKTOP-SUCKV7U" failures="0" tests="1" name="PAN_Advance_Prod.TC_Disable_Account" time="6.649" errors="0" timestamp="2021-07-20T16:31:12 IST" skipped="0">
  <testcase classname="PAN_Advance_Prod.TC_Disable_Account" name="APIResponse" time="6.649"/>
  <system-out/>
</testsuite> <!-- PAN_Advance_Prod.TC_Disable_Account -->
