<?xml version="1.0" encoding="UTF-8"?>
<!-- Generated by org.testng.reporters.JUnitReportReporter -->
<testsuite hostname="DESKTOP-SUCKV7U" failures="0" tests="1" name="PAN_Lite_Test.TC_Consent_Text_200_PLUS" time="5.750" errors="0" timestamp="2021-07-16T21:04:24 IST" skipped="0">
  <testcase classname="PAN_Lite_Test.TC_Consent_Text_200_PLUS" name="APIResponse" time="5.750"/>
  <system-out/>
</testsuite> <!-- PAN_Lite_Test.TC_Consent_Text_200_PLUS -->
