<?xml version="1.0" encoding="UTF-8"?>
<!-- Generated by org.testng.reporters.JUnitReportReporter -->
<testsuite hostname="DESKTOP-SUCKV7U" failures="0" tests="1" name="RC_Advance_Test.TC_Product_Subscribed" time="5.829" errors="0" timestamp="2021-07-20T14:09:39 IST" skipped="0">
  <testcase classname="RC_Advance_Test.TC_Product_Subscribed" name="APIResponse" time="5.829"/>
  <system-out/>
</testsuite> <!-- RC_Advance_Test.TC_Product_Subscribed -->
