<?xml version="1.0" encoding="UTF-8"?>
<!-- Generated by org.testng.reporters.JUnitReportReporter -->
<testsuite hostname="DESKTOP-SUCKV7U" failures="0" tests="1" name="PAN_Advance_Prod.TC_Product_Subscribed" time="26.413" errors="0" timestamp="2021-07-20T13:46:13 IST" skipped="0">
  <testcase classname="PAN_Advance_Prod.TC_Product_Subscribed" name="APIResponse" time="26.413"/>
  <system-out/>
</testsuite> <!-- PAN_Advance_Prod.TC_Product_Subscribed -->
