<?xml version="1.0" encoding="UTF-8"?>
<!-- Generated by org.testng.reporters.JUnitReportReporter -->
<testsuite hostname="DESKTOP-SUCKV7U" failures="0" tests="1" name="GST_Lite_Test.TC_Product_Not_Subscribed" time="8.232" errors="0" timestamp="2021-07-05T19:40:50 IST" skipped="0">
  <testcase classname="GST_Lite_Test.TC_Product_Not_Subscribed" name="APIResponse" time="8.232"/>
  <system-out/>
</testsuite> <!-- GST_Lite_Test.TC_Product_Not_Subscribed -->
