<?xml version="1.0" encoding="UTF-8"?>
<!-- Generated by org.testng.reporters.JUnitReportReporter -->
<testsuite hostname="DESKTOP-SUCKV7U" failures="0" tests="1" name="GST_Lite_Prod.TC_Product_Subscribed" time="5.048" errors="0" timestamp="2021-07-20T13:27:45 IST" skipped="0">
  <testcase classname="GST_Lite_Prod.TC_Product_Subscribed" name="APIResponse" time="5.048"/>
  <system-out/>
</testsuite> <!-- GST_Lite_Prod.TC_Product_Subscribed -->
