<?xml version="1.0" encoding="UTF-8"?>
<!-- Generated by org.testng.reporters.JUnitReportReporter -->
<testsuite hostname="DESKTOP-SUCKV7U" failures="0" tests="1" name="GST_Lite_Test.TC_InActive_APP_ID" time="12.573" errors="0" timestamp="2021-07-19T15:00:00 IST" skipped="0">
  <testcase classname="GST_Lite_Test.TC_InActive_APP_ID" name="APIResponse" time="12.573"/>
  <system-out/>
</testsuite> <!-- GST_Lite_Test.TC_InActive_APP_ID -->
