<?xml version="1.0" encoding="UTF-8"?>
<!-- Generated by org.testng.reporters.JUnitReportReporter -->
<testsuite hostname="DESKTOP-SUCKV7U" failures="0" tests="1" name="PAN_Lite_Test.TC_Consent_Text_200_PLUS" time="0.138" errors="0" timestamp="2021-07-22T11:29:57 IST" skipped="0">
  <testcase classname="PAN_Lite_Test.TC_Consent_Text_200_PLUS" name="APIResponse" time="0.138"/>
  <system-out/>
</testsuite> <!-- PAN_Lite_Test.TC_Consent_Text_200_PLUS -->
