<?xml version="1.0" encoding="UTF-8"?>
<!-- Generated by org.testng.reporters.JUnitReportReporter -->
<testsuite hostname="DESKTOP-SUCKV7U" failures="0" tests="1" name="RC_Lite_Test.TC_Consent_Text_201" time="45.212" errors="0" timestamp="2021-07-19T12:09:16 IST" skipped="0">
  <testcase classname="RC_Lite_Test.TC_Consent_Text_201" name="APIResponse" time="45.212"/>
  <system-out/>
</testsuite> <!-- RC_Lite_Test.TC_Consent_Text_201 -->
