<?xml version="1.0" encoding="UTF-8"?>
<!-- Generated by org.testng.reporters.JUnitReportReporter -->
<testsuite hostname="DESKTOP-SUCKV7U" failures="0" tests="1" name="GST_Lite_Prod.TC_Blank_APP_Id" time="1.918" errors="0" timestamp="2021-07-23T16:56:03 IST" skipped="0">
  <testcase classname="GST_Lite_Prod.TC_Blank_APP_Id" name="APIResponse" time="1.918"/>
  <system-out/>
</testsuite> <!-- GST_Lite_Prod.TC_Blank_APP_Id -->
