<?xml version="1.0" encoding="UTF-8"?>
<!-- Generated by org.testng.reporters.JUnitReportReporter -->
<testsuite hostname="DESKTOP-SUCKV7U" failures="0" tests="1" name="Passport_Lite_Test.TC_Blank_APP_Id" time="26.550" errors="0" timestamp="2021-07-16T13:38:25 IST" skipped="0">
  <testcase classname="Passport_Lite_Test.TC_Blank_APP_Id" name="APIResponse" time="26.550"/>
  <system-out/>
</testsuite> <!-- Passport_Lite_Test.TC_Blank_APP_Id -->
