<?xml version="1.0" encoding="UTF-8"?>
<!-- Generated by org.testng.reporters.JUnitReportReporter -->
<testsuite hostname="DESKTOP-SUCKV7U" failures="0" tests="1" name="Voter_Advance_Test.TC_InValid_APP_Id_API_Key" time="0.214" errors="0" timestamp="2021-07-07T21:54:26 IST" skipped="0">
  <testcase classname="Voter_Advance_Test.TC_InValid_APP_Id_API_Key" name="APIResponse" time="0.214"/>
  <system-out/>
</testsuite> <!-- Voter_Advance_Test.TC_InValid_APP_Id_API_Key -->
