<?xml version="1.0" encoding="UTF-8"?>
<!-- Generated by org.testng.reporters.JUnitReportReporter -->
<testsuite hostname="DESKTOP-SUCKV7U" failures="0" tests="1" name="Voter_Advance_Prod.TC_InValid_API_key" time="4.279" errors="0" timestamp="2021-07-19T20:42:20 IST" skipped="0">
  <testcase classname="Voter_Advance_Prod.TC_InValid_API_key" name="APIResponse" time="4.279"/>
  <system-out/>
</testsuite> <!-- Voter_Advance_Prod.TC_InValid_API_key -->
