<?xml version="1.0" encoding="UTF-8"?>
<!-- Generated by org.testng.reporters.JUnitReportReporter -->
<testsuite hostname="DESKTOP-SUCKV7U" failures="0" tests="1" name="Voter_Advance_Prod.TC_Valid_Authentication_100" time="4.294" errors="0" timestamp="2021-07-31T21:11:38 IST" skipped="0">
  <testcase classname="Voter_Advance_Prod.TC_Valid_Authentication_100" name="APIResponse" time="4.294"/>
  <system-out/>
</testsuite> <!-- Voter_Advance_Prod.TC_Valid_Authentication_100 -->
