<?xml version="1.0" encoding="UTF-8"?>
<!-- Generated by org.testng.reporters.JUnitReportReporter -->
<testsuite hostname="DESKTOP-SUCKV7U" failures="0" tests="1" name="PAN_Advance_Test.TC_Disable_Account" time="5.426" errors="0" timestamp="2021-07-20T16:28:46 IST" skipped="0">
  <testcase classname="PAN_Advance_Test.TC_Disable_Account" name="APIResponse" time="5.426"/>
  <system-out/>
</testsuite> <!-- PAN_Advance_Test.TC_Disable_Account -->
