<?xml version="1.0" encoding="UTF-8"?>
<!-- Generated by org.testng.reporters.JUnitReportReporter -->
<testsuite hostname="DESKTOP-SUCKV7U" failures="0" tests="1" name="PAN_Lite_Prod.TC_Product_Subscribed" time="52.794" errors="0" timestamp="2021-07-20T13:51:45 IST" skipped="0">
  <testcase classname="PAN_Lite_Prod.TC_Product_Subscribed" name="APIResponse" time="52.794"/>
  <system-out/>
</testsuite> <!-- PAN_Lite_Prod.TC_Product_Subscribed -->
