<?xml version="1.0" encoding="UTF-8"?>
<!-- Generated by org.testng.reporters.JUnitReportReporter -->
<testsuite hostname="DESKTOP-SUCKV7U" failures="0" tests="1" name="RC_Lite_Test.TC_GET" time="24.406" errors="0" timestamp="2021-07-15T17:16:49 IST" skipped="0">
  <testcase classname="RC_Lite_Test.TC_GET" name="APIResponse" time="24.406"/>
  <system-out/>
</testsuite> <!-- RC_Lite_Test.TC_GET -->
