<?xml version="1.0" encoding="UTF-8"?>
<!-- Generated by org.testng.reporters.JUnitReportReporter -->
<testsuite hostname="DESKTOP-SUCKV7U" failures="0" tests="1" name="Dashboard_Admin_Control.TC_IP_Whitelisting" time="4.989" errors="0" timestamp="2021-07-14T21:10:25 IST" skipped="0">
  <testcase classname="Dashboard_Admin_Control.TC_IP_Whitelisting" name="APIResponse" time="4.989"/>
  <system-out/>
</testsuite> <!-- Dashboard_Admin_Control.TC_IP_Whitelisting -->
