<?xml version="1.0" encoding="UTF-8"?>
<!-- Generated by org.testng.reporters.JUnitReportReporter -->
<testsuite hostname="DESKTOP-SUCKV7U" failures="0" tests="1" name="PAN_Lite_Test.TC_InValid_EndPoint" time="0.079" errors="0" timestamp="2021-07-22T11:30:02 IST" skipped="0">
  <testcase classname="PAN_Lite_Test.TC_InValid_EndPoint" name="APIResponse" time="0.079"/>
  <system-out/>
</testsuite> <!-- PAN_Lite_Test.TC_InValid_EndPoint -->
