<?xml version="1.0" encoding="UTF-8"?>
<!-- Generated by org.testng.reporters.JUnitReportReporter -->
<testsuite hostname="DESKTOP-SUCKV7U" failures="0" tests="1" name="BAV_Lite_Prod.TC_InActive_APP_ID" time="1.606" errors="0" timestamp="2021-07-22T15:51:23 IST" skipped="0">
  <testcase classname="BAV_Lite_Prod.TC_InActive_APP_ID" name="APIResponse" time="1.606"/>
  <system-out/>
</testsuite> <!-- BAV_Lite_Prod.TC_InActive_APP_ID -->
