<?xml version="1.0" encoding="UTF-8"?>
<!-- Generated by org.testng.reporters.JUnitReportReporter -->
<testsuite hostname="DESKTOP-SUCKV7U" failures="0" tests="1" name="RC_Lite_Test.TC_Blank_APP_Id" time="0.225" errors="0" timestamp="2021-07-22T15:51:23 IST" skipped="0">
  <testcase classname="RC_Lite_Test.TC_Blank_APP_Id" name="APIResponse" time="0.225"/>
  <system-out/>
</testsuite> <!-- RC_Lite_Test.TC_Blank_APP_Id -->
