<?xml version="1.0" encoding="UTF-8"?>
<!-- Generated by org.testng.reporters.JUnitReportReporter -->
<testsuite hostname="DESKTOP-SUCKV7U" failures="0" tests="1" name="Passport_Lite_Test.TC_Sufficient_Balance_Wallet" time="4.532" errors="0" timestamp="2021-07-20T13:59:21 IST" skipped="0">
  <testcase classname="Passport_Lite_Test.TC_Sufficient_Balance_Wallet" name="APIResponse" time="4.532"/>
  <system-out/>
</testsuite> <!-- Passport_Lite_Test.TC_Sufficient_Balance_Wallet -->
