<?xml version="1.0" encoding="UTF-8"?>
<!-- Generated by org.testng.reporters.JUnitReportReporter -->
<testsuite hostname="DESKTOP-SUCKV7U" failures="0" tests="1" name="PAN_Advance_Test.TC_Blank_Body" time="6.954" errors="0" timestamp="2021-07-17T21:11:11 IST" skipped="0">
  <testcase classname="PAN_Advance_Test.TC_Blank_Body" name="APIResponse" time="6.954"/>
  <system-out/>
</testsuite> <!-- PAN_Advance_Test.TC_Blank_Body -->
