<?xml version="1.0" encoding="UTF-8"?>
<!-- Generated by org.testng.reporters.JUnitReportReporter -->
<testsuite hostname="DESKTOP-SUCKV7U" failures="0" tests="1" name="Passport_Lite_Test.TC_InValid_customer_country" time="8.072" errors="0" timestamp="2021-07-16T17:32:07 IST" skipped="0">
  <testcase classname="Passport_Lite_Test.TC_InValid_customer_country" name="APIResponse" time="8.072"/>
  <system-out/>
</testsuite> <!-- Passport_Lite_Test.TC_InValid_customer_country -->
