<?xml version="1.0" encoding="UTF-8"?>
<!-- Generated by org.testng.reporters.JUnitReportReporter -->
<testsuite hostname="DESKTOP-SUCKV7U" failures="0" tests="1" name="IFSC_Lite_Test.TC_InValid_API_key" time="0.725" errors="0" timestamp="2021-07-31T21:11:38 IST" skipped="0">
  <testcase classname="IFSC_Lite_Test.TC_InValid_API_key" name="APIResponse" time="0.725"/>
  <system-out/>
</testsuite> <!-- IFSC_Lite_Test.TC_InValid_API_key -->
