<?xml version="1.0" encoding="UTF-8"?>
<!-- Generated by org.testng.reporters.JUnitReportReporter -->
<testsuite hostname="DESKTOP-SUCKV7U" failures="0" tests="1" name="RC_Lite_Test.TC_InActive_APP_ID" time="1.206" errors="0" timestamp="2021-07-23T16:56:02 IST" skipped="0">
  <testcase classname="RC_Lite_Test.TC_InActive_APP_ID" name="APIResponse" time="1.206"/>
  <system-out/>
</testsuite> <!-- RC_Lite_Test.TC_InActive_APP_ID -->
