<?xml version="1.0" encoding="UTF-8"?>
<!-- Generated by org.testng.reporters.JUnitReportReporter -->
<testsuite hostname="DESKTOP-SUCKV7U" failures="0" tests="1" name="PAN_Advance_Prod.TC_Disable_IP_Whitelisting" time="1.297" errors="0" timestamp="2021-07-31T18:38:54 IST" skipped="0">
  <testcase classname="PAN_Advance_Prod.TC_Disable_IP_Whitelisting" name="APIResponse" time="1.297"/>
  <system-out/>
</testsuite> <!-- PAN_Advance_Prod.TC_Disable_IP_Whitelisting -->
