<?xml version="1.0" encoding="UTF-8"?>
<!-- Generated by org.testng.reporters.JUnitReportReporter -->
<testsuite hostname="DESKTOP-SUCKV7U" failures="0" tests="1" name="RC_Lite_Test.TC_Consent_Text_200_PLUS" time="0.116" errors="0" timestamp="2021-07-22T11:30:00 IST" skipped="0">
  <testcase classname="RC_Lite_Test.TC_Consent_Text_200_PLUS" name="APIResponse" time="0.116"/>
  <system-out/>
</testsuite> <!-- RC_Lite_Test.TC_Consent_Text_200_PLUS -->
