<?xml version="1.0" encoding="UTF-8"?>
<!-- Generated by org.testng.reporters.JUnitReportReporter -->
<testsuite hostname="DESKTOP-SUCKV7U" failures="0" tests="1" name="BAV_Lite_Test.TC_Blank_API_key" time="27.106" errors="0" timestamp="2021-07-14T21:38:43 IST" skipped="0">
  <testcase classname="BAV_Lite_Test.TC_Blank_API_key" name="APIResponse" time="27.106"/>
  <system-out/>
</testsuite> <!-- BAV_Lite_Test.TC_Blank_API_key -->
