<?xml version="1.0" encoding="UTF-8"?>
<!-- Generated by org.testng.reporters.JUnitReportReporter -->
<testsuite hostname="DESKTOP-SUCKV7U" failures="0" tests="1" name="GST_Lite_Prod.TC_Consent_Text_200_PLUS" time="9.598" errors="0" timestamp="2021-07-09T23:29:21 IST" skipped="0">
  <testcase classname="GST_Lite_Prod.TC_Consent_Text_200_PLUS" name="APIResponse" time="9.598"/>
  <system-out/>
</testsuite> <!-- GST_Lite_Prod.TC_Consent_Text_200_PLUS -->
