<?xml version="1.0" encoding="UTF-8"?>
<!-- Generated by org.testng.reporters.JUnitReportReporter -->
<testsuite hostname="DESKTOP-SUCKV7U" failures="0" tests="1" name="BAV_Lite_Prod.TC_InValid_BAV" time="1.101" errors="0" timestamp="2021-07-31T21:11:39 IST" skipped="0">
  <testcase classname="BAV_Lite_Prod.TC_InValid_BAV" name="APIResponse" time="1.101"/>
  <system-out/>
</testsuite> <!-- BAV_Lite_Prod.TC_InValid_BAV -->
