<?xml version="1.0" encoding="UTF-8"?>
<!-- Generated by org.testng.reporters.JUnitReportReporter -->
<testsuite hostname="DESKTOP-SUCKV7U" failures="0" tests="1" name="BAV_Lite_Test.TC_InValid_APP_Id" time="0.233" errors="0" timestamp="2021-07-22T11:30:01 IST" skipped="0">
  <testcase classname="BAV_Lite_Test.TC_InValid_APP_Id" name="APIResponse" time="0.233"/>
  <system-out/>
</testsuite> <!-- BAV_Lite_Test.TC_InValid_APP_Id -->
