<?xml version="1.0" encoding="UTF-8"?>
<!-- Generated by org.testng.reporters.JUnitReportReporter -->
<testsuite hostname="DESKTOP-SUCKV7U" failures="0" tests="1" name="PAN_Lite_Prod.TC_Not_Disable_Account" time="4.170" errors="0" timestamp="2021-07-31T21:11:39 IST" skipped="0">
  <testcase classname="PAN_Lite_Prod.TC_Not_Disable_Account" name="APIResponse" time="4.170"/>
  <system-out/>
</testsuite> <!-- PAN_Lite_Prod.TC_Not_Disable_Account -->
