<?xml version="1.0" encoding="UTF-8"?>
<!-- Generated by org.testng.reporters.JUnitReportReporter -->
<testsuite hostname="DESKTOP-SUCKV7U" failures="0" tests="1" name="Voter_Advance_Test.TC_InActive_API_key" time="0.672" errors="0" timestamp="2021-07-31T21:11:38 IST" skipped="0">
  <testcase classname="Voter_Advance_Test.TC_InActive_API_key" name="APIResponse" time="0.672"/>
  <system-out/>
</testsuite> <!-- Voter_Advance_Test.TC_InActive_API_key -->
