<?xml version="1.0" encoding="UTF-8"?>
<!-- Generated by org.testng.reporters.JUnitReportReporter -->
<testsuite hostname="DESKTOP-SUCKV7U" failures="0" tests="1" name="Voter_Advance_Prod.TC_Consent_Text_200_PLUS" time="4.601" errors="0" timestamp="2021-07-19T19:51:37 IST" skipped="0">
  <testcase classname="Voter_Advance_Prod.TC_Consent_Text_200_PLUS" name="APIResponse" time="4.601"/>
  <system-out/>
</testsuite> <!-- Voter_Advance_Prod.TC_Consent_Text_200_PLUS -->
