<?xml version="1.0" encoding="UTF-8"?>
<!-- Generated by org.testng.reporters.JUnitReportReporter -->
<testsuite hostname="DESKTOP-SUCKV7U" failures="0" tests="1" name="Voter_Advance_Test.TC_InActive_APP_ID" time="0.266" errors="0" timestamp="2021-07-07T21:54:26 IST" skipped="0">
  <testcase classname="Voter_Advance_Test.TC_InActive_APP_ID" name="APIResponse" time="0.266"/>
  <system-out/>
</testsuite> <!-- Voter_Advance_Test.TC_InActive_APP_ID -->
