<?xml version="1.0" encoding="UTF-8"?>
<!-- Generated by org.testng.reporters.JUnitReportReporter -->
<testsuite hostname="DESKTOP-SUCKV7U" failures="0" tests="1" name="IFSC_Lite_Test.TC_Product_Subscribed" time="31.028" errors="0" timestamp="2021-07-20T13:36:25 IST" skipped="0">
  <testcase classname="IFSC_Lite_Test.TC_Product_Subscribed" name="APIResponse" time="31.028"/>
  <system-out/>
</testsuite> <!-- IFSC_Lite_Test.TC_Product_Subscribed -->
