<?xml version="1.0" encoding="UTF-8"?>
<!-- Generated by org.testng.reporters.JUnitReportReporter -->
<testsuite hostname="DESKTOP-SUCKV7U" failures="0" tests="1" name="GST_Advance_Prod.TC_InValid_EndPoint" time="2.706" errors="0" timestamp="2021-07-07T14:52:51 IST" skipped="0">
  <testcase classname="GST_Advance_Prod.TC_InValid_EndPoint" name="APIResponse" time="2.706"/>
  <system-out/>
</testsuite> <!-- GST_Advance_Prod.TC_InValid_EndPoint -->
