<?xml version="1.0" encoding="UTF-8"?>
<!-- Generated by org.testng.reporters.JUnitReportReporter -->
<testsuite hostname="DESKTOP-SUCKV7U" failures="0" tests="1" name="PAN_Lite_Test.TC_Sufficient_Balance_Wallet" time="1.283" errors="0" timestamp="2021-07-31T21:11:38 IST" skipped="0">
  <testcase classname="PAN_Lite_Test.TC_Sufficient_Balance_Wallet" name="APIResponse" time="1.283"/>
  <system-out/>
</testsuite> <!-- PAN_Lite_Test.TC_Sufficient_Balance_Wallet -->
