<?xml version="1.0" encoding="UTF-8"?>
<!-- Generated by org.testng.reporters.JUnitReportReporter -->
<testsuite hostname="DESKTOP-SUCKV7U" failures="0" tests="1" name="DL_Advance_Test.TC_InValid_APP_Id" time="5.992" errors="0" timestamp="2021-07-18T22:09:44 IST" skipped="0">
  <testcase classname="DL_Advance_Test.TC_InValid_APP_Id" name="APIResponse" time="5.992"/>
  <system-out/>
</testsuite> <!-- DL_Advance_Test.TC_InValid_APP_Id -->
