<?xml version="1.0" encoding="UTF-8"?>
<!-- Generated by org.testng.reporters.JUnitReportReporter -->
<testsuite hostname="DESKTOP-SUCKV7U" failures="0" tests="1" name="IFSC_Lite_Test.TC_InValid_IFSC" time="27.609" errors="0" timestamp="2021-07-15T21:01:27 IST" skipped="0">
  <testcase classname="IFSC_Lite_Test.TC_InValid_IFSC" name="APIResponse" time="27.609"/>
  <system-out/>
</testsuite> <!-- IFSC_Lite_Test.TC_InValid_IFSC -->
