<?xml version="1.0" encoding="UTF-8"?>
<!-- Generated by org.testng.reporters.JUnitReportReporter -->
<testsuite hostname="DESKTOP-SUCKV7U" failures="0" tests="1" name="PAN_Lite_Test.TC_Blank_Body" time="5.784" errors="0" timestamp="2021-07-16T20:59:45 IST" skipped="0">
  <testcase classname="PAN_Lite_Test.TC_Blank_Body" name="APIResponse" time="5.784"/>
  <system-out/>
</testsuite> <!-- PAN_Lite_Test.TC_Blank_Body -->
