<?xml version="1.0" encoding="UTF-8"?>
<!-- Generated by org.testng.reporters.JUnitReportReporter -->
<testsuite hostname="DESKTOP-SUCKV7U" failures="0" tests="1" name="GST_Advance_Test.TC_InValid_APP_Id_API_Key" time="0.147" errors="0" timestamp="2021-07-31T18:38:54 IST" skipped="0">
  <testcase classname="GST_Advance_Test.TC_InValid_APP_Id_API_Key" name="APIResponse" time="0.147"/>
  <system-out/>
</testsuite> <!-- GST_Advance_Test.TC_InValid_APP_Id_API_Key -->
