<?xml version="1.0" encoding="UTF-8"?>
<!-- Generated by org.testng.reporters.JUnitReportReporter -->
<testsuite hostname="DESKTOP-SUCKV7U" failures="0" tests="1" name="Voter_Advance_Prod.TC_Disable_Account" time="9.967" errors="0" timestamp="2021-07-20T14:39:07 IST" skipped="0">
  <testcase classname="Voter_Advance_Prod.TC_Disable_Account" name="APIResponse" time="9.967"/>
  <system-out/>
</testsuite> <!-- Voter_Advance_Prod.TC_Disable_Account -->
