<?xml version="1.0" encoding="UTF-8"?>
<!-- Generated by org.testng.reporters.JUnitReportReporter -->
<testsuite hostname="DESKTOP-SUCKV7U" failures="0" tests="1" name="DL_Advance_Prod.TC_Consent_Text_200_PLUS" time="0.910" errors="0" timestamp="2021-07-22T15:51:23 IST" skipped="0">
  <testcase classname="DL_Advance_Prod.TC_Consent_Text_200_PLUS" name="APIResponse" time="0.910"/>
  <system-out/>
</testsuite> <!-- DL_Advance_Prod.TC_Consent_Text_200_PLUS -->
