<?xml version="1.0" encoding="UTF-8"?>
<!-- Generated by org.testng.reporters.JUnitReportReporter -->
<testsuite hostname="DESKTOP-SUCKV7U" failures="0" tests="1" name="RC_Lite_Test.TC_InActive_API_key" time="5.264" errors="0" timestamp="2021-07-15T17:35:50 IST" skipped="0">
  <testcase classname="RC_Lite_Test.TC_InActive_API_key" name="APIResponse" time="5.264"/>
  <system-out/>
</testsuite> <!-- RC_Lite_Test.TC_InActive_API_key -->
