<?xml version="1.0" encoding="UTF-8"?>
<!-- Generated by org.testng.reporters.JUnitReportReporter -->
<testsuite hostname="DESKTOP-SUCKV7U" failures="0" tests="1" name="RC_Lite_Prod.TC_InValid_EndPoint" time="0.181" errors="0" timestamp="2021-07-31T21:11:39 IST" skipped="0">
  <testcase classname="RC_Lite_Prod.TC_InValid_EndPoint" name="APIResponse" time="0.181"/>
  <system-out/>
</testsuite> <!-- RC_Lite_Prod.TC_InValid_EndPoint -->
