<?xml version="1.0" encoding="UTF-8"?>
<!-- Generated by org.testng.reporters.JUnitReportReporter -->
<testsuite hostname="DESKTOP-SUCKV7U" failures="0" tests="1" name="GST_Advance_Prod.TC_Valid_Authentication_100" time="4.504" errors="0" timestamp="2021-07-31T21:11:39 IST" skipped="0">
  <testcase classname="GST_Advance_Prod.TC_Valid_Authentication_100" name="APIResponse" time="4.504"/>
  <system-out/>
</testsuite> <!-- GST_Advance_Prod.TC_Valid_Authentication_100 -->
