<?xml version="1.0" encoding="UTF-8"?>
<!-- Generated by org.testng.reporters.JUnitReportReporter -->
<testsuite hostname="DESKTOP-SUCKV7U" failures="0" tests="1" name="Voter_Advance_Prod.TC_Blank_Body" time="0.204" errors="0" timestamp="2021-07-22T15:51:23 IST" skipped="0">
  <testcase classname="Voter_Advance_Prod.TC_Blank_Body" name="APIResponse" time="0.204"/>
  <system-out/>
</testsuite> <!-- Voter_Advance_Prod.TC_Blank_Body -->
