<?xml version="1.0" encoding="UTF-8"?>
<!-- Generated by org.testng.reporters.JUnitReportReporter -->
<testsuite hostname="DESKTOP-SUCKV7U" failures="0" tests="1" name="DL_Advance_Test.TC_Consent_Text_200_PLUS" time="4.121" errors="0" timestamp="2021-07-18T21:29:33 IST" skipped="0">
  <testcase classname="DL_Advance_Test.TC_Consent_Text_200_PLUS" name="APIResponse" time="4.121"/>
  <system-out/>
</testsuite> <!-- DL_Advance_Test.TC_Consent_Text_200_PLUS -->
