<?xml version="1.0" encoding="UTF-8"?>
<!-- Generated by org.testng.reporters.JUnitReportReporter -->
<testsuite hostname="DESKTOP-SUCKV7U" failures="0" tests="1" name="DL_Advance_Prod.TC_InActive_APP_ID" time="0.164" errors="0" timestamp="2021-07-31T18:38:53 IST" skipped="0">
  <testcase classname="DL_Advance_Prod.TC_InActive_APP_ID" name="APIResponse" time="0.164"/>
  <system-out/>
</testsuite> <!-- DL_Advance_Prod.TC_InActive_APP_ID -->
