<?xml version="1.0" encoding="UTF-8"?>
<!-- Generated by org.testng.reporters.JUnitReportReporter -->
<testsuite hostname="DESKTOP-SUCKV7U" failures="0" tests="1" name="Voter_Advance_Prod.TC_Not_IP_Whitelisting" time="28.783" errors="0" timestamp="2021-07-20T15:14:46 IST" skipped="0">
  <testcase classname="Voter_Advance_Prod.TC_Not_IP_Whitelisting" name="APIResponse" time="28.783"/>
  <system-out/>
</testsuite> <!-- Voter_Advance_Prod.TC_Not_IP_Whitelisting -->
