<?xml version="1.0" encoding="UTF-8"?>
<!-- Generated by org.testng.reporters.JUnitReportReporter -->
<testsuite hostname="DESKTOP-SUCKV7U" failures="0" tests="1" name="BAV_Lite_Test.TC_InActive_API_key" time="29.452" errors="0" timestamp="2021-07-15T13:03:16 IST" skipped="0">
  <testcase classname="BAV_Lite_Test.TC_InActive_API_key" name="APIResponse" time="29.452"/>
  <system-out/>
</testsuite> <!-- BAV_Lite_Test.TC_InActive_API_key -->
