<?xml version="1.0" encoding="UTF-8"?>
<!-- Generated by org.testng.reporters.JUnitReportReporter -->
<testsuite hostname="DESKTOP-SUCKV7U" failures="0" tests="1" name="BAV_Lite_Prod.TC_InValid_APP_Id" time="0.722" errors="0" timestamp="2021-07-22T15:51:22 IST" skipped="0">
  <testcase classname="BAV_Lite_Prod.TC_InValid_APP_Id" name="APIResponse" time="0.722"/>
  <system-out/>
</testsuite> <!-- BAV_Lite_Prod.TC_InValid_APP_Id -->
