<?xml version="1.0" encoding="UTF-8"?>
<!-- Generated by org.testng.reporters.JUnitReportReporter -->
<testsuite hostname="DESKTOP-SUCKV7U" failures="0" tests="1" name="BAV_Lite_Prod.TC_Blank_Body" time="0.230" errors="0" timestamp="2021-07-22T11:30:00 IST" skipped="0">
  <testcase classname="BAV_Lite_Prod.TC_Blank_Body" name="APIResponse" time="0.230"/>
  <system-out/>
</testsuite> <!-- BAV_Lite_Prod.TC_Blank_Body -->
