<?xml version="1.0" encoding="UTF-8"?>
<!-- Generated by org.testng.reporters.JUnitReportReporter -->
<testsuite hostname="DESKTOP-SUCKV7U" failures="0" tests="1" name="BAV_Lite_Test.TC_Consent_N" time="24.058" errors="0" timestamp="2021-07-14T23:11:24 IST" skipped="0">
  <testcase classname="BAV_Lite_Test.TC_Consent_N" name="APIResponse" time="24.058"/>
  <system-out/>
</testsuite> <!-- BAV_Lite_Test.TC_Consent_N -->
