<?xml version="1.0" encoding="UTF-8"?>
<!-- Generated by org.testng.reporters.JUnitReportReporter -->
<testsuite hostname="DESKTOP-SUCKV7U" failures="0" tests="1" name="RC_Lite_Test.TC_InValid_EndPoint" time="6.502" errors="0" timestamp="2021-07-16T21:52:28 IST" skipped="0">
  <testcase classname="RC_Lite_Test.TC_InValid_EndPoint" name="APIResponse" time="6.502"/>
  <system-out/>
</testsuite> <!-- RC_Lite_Test.TC_InValid_EndPoint -->
