<?xml version="1.0" encoding="UTF-8"?>
<!-- Generated by org.testng.reporters.JUnitReportReporter -->
<testsuite hostname="DESKTOP-SUCKV7U" failures="0" tests="1" name="Passport_Lite_Prod.TC_InActive_APP_ID" time="1.718" errors="0" timestamp="2021-07-31T18:38:54 IST" skipped="0">
  <testcase classname="Passport_Lite_Prod.TC_InActive_APP_ID" name="APIResponse" time="1.718"/>
  <system-out/>
</testsuite> <!-- Passport_Lite_Prod.TC_InActive_APP_ID -->
