<?xml version="1.0" encoding="UTF-8"?>
<!-- Generated by org.testng.reporters.JUnitReportReporter -->
<testsuite hostname="DESKTOP-SUCKV7U" failures="0" tests="1" name="DL_Advance_Prod.TC_Disable_Account" time="5.217" errors="0" timestamp="2021-07-19T17:28:59 IST" skipped="0">
  <testcase classname="DL_Advance_Prod.TC_Disable_Account" name="APIResponse" time="5.217"/>
  <system-out/>
</testsuite> <!-- DL_Advance_Prod.TC_Disable_Account -->
