<?xml version="1.0" encoding="UTF-8"?>
<!-- Generated by org.testng.reporters.JUnitReportReporter -->
<testsuite hostname="DESKTOP-SUCKV7U" failures="0" tests="1" name="IFSC_Lite_Test.TC_GET" time="0.680" errors="0" timestamp="2021-07-22T11:30:00 IST" skipped="0">
  <testcase classname="IFSC_Lite_Test.TC_GET" name="APIResponse" time="0.680"/>
  <system-out/>
</testsuite> <!-- IFSC_Lite_Test.TC_GET -->
