<?xml version="1.0" encoding="UTF-8"?>
<!-- Generated by org.testng.reporters.JUnitReportReporter -->
<testsuite hostname="DESKTOP-SUCKV7U" failures="0" tests="1" name="GST_Advance_Test.TC_InActive_APP_ID" time="1.365" errors="0" timestamp="2021-07-31T21:11:39 IST" skipped="0">
  <testcase classname="GST_Advance_Test.TC_InActive_APP_ID" name="APIResponse" time="1.365"/>
  <system-out/>
</testsuite> <!-- GST_Advance_Test.TC_InActive_APP_ID -->
