<?xml version="1.0" encoding="UTF-8"?>
<!-- Generated by org.testng.reporters.JUnitReportReporter -->
<testsuite hostname="DESKTOP-SUCKV7U" failures="0" tests="1" name="RC_Lite_Test.TC_Product_Subscribed" time="7.576" errors="0" timestamp="2021-07-20T14:12:09 IST" skipped="0">
  <testcase classname="RC_Lite_Test.TC_Product_Subscribed" name="APIResponse" time="7.576"/>
  <system-out/>
</testsuite> <!-- RC_Lite_Test.TC_Product_Subscribed -->
