<?xml version="1.0" encoding="UTF-8"?>
<!-- Generated by org.testng.reporters.JUnitReportReporter -->
<testsuite hostname="DESKTOP-SUCKV7U" failures="0" tests="1" name="Voter_Advance_Test.TC_Blank_APP_Id" time="1.467" errors="0" timestamp="2021-07-07T21:54:26 IST" skipped="0">
  <testcase classname="Voter_Advance_Test.TC_Blank_APP_Id" name="APIResponse" time="1.467"/>
  <system-out/>
</testsuite> <!-- Voter_Advance_Test.TC_Blank_APP_Id -->
