<?xml version="1.0" encoding="UTF-8"?>
<!-- Generated by org.testng.reporters.JUnitReportReporter -->
<testsuite hostname="DESKTOP-SUCKV7U" failures="0" tests="1" name="BAV_Lite_Test.TC_InValid_IFSC" time="9.504" errors="0" timestamp="2021-07-15T14:25:29 IST" skipped="0">
  <testcase classname="BAV_Lite_Test.TC_InValid_IFSC" name="APIResponse" time="9.504"/>
  <system-out/>
</testsuite> <!-- BAV_Lite_Test.TC_InValid_IFSC -->
