<?xml version="1.0" encoding="UTF-8"?>
<!-- Generated by org.testng.reporters.JUnitReportReporter -->
<testsuite hostname="DESKTOP-SUCKV7U" failures="0" tests="1" name="RC_Advance_Prod.TC_Product_Subscribed" time="8.580" errors="0" timestamp="2021-07-20T14:08:35 IST" skipped="0">
  <testcase classname="RC_Advance_Prod.TC_Product_Subscribed" name="APIResponse" time="8.580"/>
  <system-out/>
</testsuite> <!-- RC_Advance_Prod.TC_Product_Subscribed -->
