<?xml version="1.0" encoding="UTF-8"?>
<!-- Generated by org.testng.reporters.JUnitReportReporter -->
<testsuite hostname="DESKTOP-SUCKV7U" failures="0" tests="1" name="Voter_Advance_Test.TC_Consent_Text_200" time="7.179" errors="0" timestamp="2021-07-20T14:16:52 IST" skipped="0">
  <testcase classname="Voter_Advance_Test.TC_Consent_Text_200" name="APIResponse" time="7.179"/>
  <system-out/>
</testsuite> <!-- Voter_Advance_Test.TC_Consent_Text_200 -->
