<?xml version="1.0" encoding="UTF-8"?>
<!-- Generated by org.testng.reporters.JUnitReportReporter -->
<testsuite hostname="DESKTOP-SUCKV7U" failures="0" tests="1" name="PAN_Lite_Test.TC_InValid_APP_Id_API_Key" time="2.063" errors="0" timestamp="2021-07-23T16:56:02 IST" skipped="0">
  <testcase classname="PAN_Lite_Test.TC_InValid_APP_Id_API_Key" name="APIResponse" time="2.063"/>
  <system-out/>
</testsuite> <!-- PAN_Lite_Test.TC_InValid_APP_Id_API_Key -->
