<?xml version="1.0" encoding="UTF-8"?>
<!-- Generated by org.testng.reporters.JUnitReportReporter -->
<testsuite hostname="DESKTOP-SUCKV7U" failures="0" tests="1" name="GST_Lite_Prod.TC_GET" time="3.488" errors="0" timestamp="2021-07-07T17:35:58 IST" skipped="0">
  <testcase classname="GST_Lite_Prod.TC_GET" name="APIResponse" time="3.488"/>
  <system-out/>
</testsuite> <!-- GST_Lite_Prod.TC_GET -->
