<?xml version="1.0" encoding="UTF-8"?>
<!-- Generated by org.testng.reporters.JUnitReportReporter -->
<testsuite hostname="DESKTOP-SUCKV7U" failures="0" tests="1" name="Voter_Advance_Prod.TC_InActive_APP_ID" time="0.117" errors="0" timestamp="2021-07-23T16:56:02 IST" skipped="0">
  <testcase classname="Voter_Advance_Prod.TC_InActive_APP_ID" name="APIResponse" time="0.117"/>
  <system-out/>
</testsuite> <!-- Voter_Advance_Prod.TC_InActive_APP_ID -->
