<?xml version="1.0" encoding="UTF-8"?>
<!-- Generated by org.testng.reporters.JUnitReportReporter -->
<testsuite hostname="DESKTOP-SUCKV7U" failures="0" tests="1" name="GST_Lite_Prod.TC_InValid_GST" time="0.338" errors="0" timestamp="2021-07-31T18:38:54 IST" skipped="0">
  <testcase classname="GST_Lite_Prod.TC_InValid_GST" name="APIResponse" time="0.338"/>
  <system-out/>
</testsuite> <!-- GST_Lite_Prod.TC_InValid_GST -->
