<?xml version="1.0" encoding="UTF-8"?>
<!-- Generated by org.testng.reporters.JUnitReportReporter -->
<testsuite hostname="DESKTOP-SUCKV7U" failures="0" tests="1" name="IFSC_Lite_Test.TC_Disable_IP_Whitelisting" time="0.933" errors="0" timestamp="2021-07-22T11:30:04 IST" skipped="0">
  <testcase classname="IFSC_Lite_Test.TC_Disable_IP_Whitelisting" name="APIResponse" time="0.933"/>
  <system-out/>
</testsuite> <!-- IFSC_Lite_Test.TC_Disable_IP_Whitelisting -->
