<?xml version="1.0" encoding="UTF-8"?>
<!-- Generated by org.testng.reporters.JUnitReportReporter -->
<testsuite hostname="DESKTOP-SUCKV7U" failures="0" tests="1" name="BAV_Lite_Test.TC_Product_Subscribed" time="6.005" errors="0" timestamp="2021-07-20T13:09:50 IST" skipped="0">
  <testcase classname="BAV_Lite_Test.TC_Product_Subscribed" name="APIResponse" time="6.005"/>
  <system-out/>
</testsuite> <!-- BAV_Lite_Test.TC_Product_Subscribed -->
