<?xml version="1.0" encoding="UTF-8"?>
<!-- Generated by org.testng.reporters.JUnitReportReporter -->
<testsuite hostname="DESKTOP-SUCKV7U" failures="0" tests="1" name="PAN_Lite_Test.TC_Product_Subscribed" time="1.812" errors="0" timestamp="2021-07-22T15:51:22 IST" skipped="0">
  <testcase classname="PAN_Lite_Test.TC_Product_Subscribed" name="APIResponse" time="1.812"/>
  <system-out/>
</testsuite> <!-- PAN_Lite_Test.TC_Product_Subscribed -->
