<?xml version="1.0" encoding="UTF-8"?>
<!-- Generated by org.testng.reporters.JUnitReportReporter -->
<testsuite hostname="DESKTOP-SUCKV7U" failures="0" tests="1" name="GST_Advance_Prod.TC_Product_Subscribed" time="8.388" errors="0" timestamp="2021-07-20T13:22:43 IST" skipped="0">
  <testcase classname="GST_Advance_Prod.TC_Product_Subscribed" name="APIResponse" time="8.388"/>
  <system-out/>
</testsuite> <!-- GST_Advance_Prod.TC_Product_Subscribed -->
