<?xml version="1.0" encoding="UTF-8"?>
<!-- Generated by org.testng.reporters.JUnitReportReporter -->
<testsuite hostname="DESKTOP-SUCKV7U" failures="0" tests="1" name="PAN_Advance_Test.TC_Blank_API_key" time="0.133" errors="0" timestamp="2021-07-22T11:30:00 IST" skipped="0">
  <testcase classname="PAN_Advance_Test.TC_Blank_API_key" name="APIResponse" time="0.133"/>
  <system-out/>
</testsuite> <!-- PAN_Advance_Test.TC_Blank_API_key -->
