<?xml version="1.0" encoding="UTF-8"?>
<!-- Generated by org.testng.reporters.JUnitReportReporter -->
<testsuite hostname="DESKTOP-SUCKV7U" failures="0" tests="1" name="Passport_Lite_Test.TC_InValid_EndPoint" time="0.115" errors="0" timestamp="2021-07-31T18:38:54 IST" skipped="0">
  <testcase classname="Passport_Lite_Test.TC_InValid_EndPoint" name="APIResponse" time="0.115"/>
  <system-out/>
</testsuite> <!-- Passport_Lite_Test.TC_InValid_EndPoint -->
