<?xml version="1.0" encoding="UTF-8"?>
<!-- Generated by org.testng.reporters.JUnitReportReporter -->
<testsuite hostname="DESKTOP-SUCKV7U" failures="0" tests="1" name="GST_Lite_Test.TC_Sufficient_Balance_Wallet" time="0.585" errors="0" timestamp="2021-07-22T11:29:57 IST" skipped="0">
  <testcase classname="GST_Lite_Test.TC_Sufficient_Balance_Wallet" name="APIResponse" time="0.585"/>
  <system-out/>
</testsuite> <!-- GST_Lite_Test.TC_Sufficient_Balance_Wallet -->
