<?xml version="1.0" encoding="UTF-8"?>
<!-- Generated by org.testng.reporters.JUnitReportReporter -->
<testsuite hostname="DESKTOP-SUCKV7U" failures="0" tests="1" name="GST_Lite_Test.TC_Blank_API_key" time="8.711" errors="0" timestamp="2021-07-23T17:16:39 IST" skipped="0">
  <testcase classname="GST_Lite_Test.TC_Blank_API_key" name="APIResponse" time="8.711"/>
  <system-out/>
</testsuite> <!-- GST_Lite_Test.TC_Blank_API_key -->
