<?xml version="1.0" encoding="UTF-8"?>
<!-- Generated by org.testng.reporters.JUnitReportReporter -->
<testsuite hostname="DESKTOP-SUCKV7U" failures="0" tests="1" name="DL_Advance_Test.TC_InActive_APP_ID" time="6.354" errors="0" timestamp="2021-07-18T22:04:24 IST" skipped="0">
  <testcase classname="DL_Advance_Test.TC_InActive_APP_ID" name="APIResponse" time="6.354"/>
  <system-out/>
</testsuite> <!-- DL_Advance_Test.TC_InActive_APP_ID -->
