<?xml version="1.0" encoding="UTF-8"?>
<!-- Generated by org.testng.reporters.JUnitReportReporter -->
<testsuite hostname="DESKTOP-SUCKV7U" failures="0" tests="1" name="Passport_Lite_Prod.TC_Product_Subscribed" time="5.368" errors="0" timestamp="2021-07-20T13:55:31 IST" skipped="0">
  <testcase classname="Passport_Lite_Prod.TC_Product_Subscribed" name="APIResponse" time="5.368"/>
  <system-out/>
</testsuite> <!-- Passport_Lite_Prod.TC_Product_Subscribed -->
