<?xml version="1.0" encoding="UTF-8"?>
<!-- Generated by org.testng.reporters.JUnitReportReporter -->
<testsuite hostname="DESKTOP-SUCKV7U" failures="0" tests="1" name="IFSC_Lite_Test.TC_Sufficient_Balance_Wallet" time="1.259" errors="0" timestamp="2021-07-22T15:51:23 IST" skipped="0">
  <testcase classname="IFSC_Lite_Test.TC_Sufficient_Balance_Wallet" name="APIResponse" time="1.259"/>
  <system-out/>
</testsuite> <!-- IFSC_Lite_Test.TC_Sufficient_Balance_Wallet -->
