<?xml version="1.0" encoding="UTF-8"?>
<!-- Generated by org.testng.reporters.JUnitReportReporter -->
<testsuite hostname="DESKTOP-SUCKV7U" failures="0" tests="1" name="PAN_Advance_Test.TC_Blank_API_key" time="9.505" errors="0" timestamp="2021-07-17T21:05:07 IST" skipped="0">
  <testcase classname="PAN_Advance_Test.TC_Blank_API_key" name="APIResponse" time="9.505"/>
  <system-out/>
</testsuite> <!-- PAN_Advance_Test.TC_Blank_API_key -->
