<?xml version="1.0" encoding="UTF-8"?>
<!-- Generated by org.testng.reporters.JUnitReportReporter -->
<testsuite hostname="DESKTOP-SUCKV7U" failures="0" tests="1" name="GST_Advance_Prod.TC_Product_Subscribed" time="3.152" errors="0" timestamp="2021-07-22T11:29:59 IST" skipped="0">
  <testcase classname="GST_Advance_Prod.TC_Product_Subscribed" name="APIResponse" time="3.152"/>
  <system-out/>
</testsuite> <!-- GST_Advance_Prod.TC_Product_Subscribed -->
