<?xml version="1.0" encoding="UTF-8"?>
<!-- Generated by org.testng.reporters.JUnitReportReporter -->
<testsuite hostname="DESKTOP-SUCKV7U" failures="0" tests="1" name="Passport_Lite_Test.TC_Consent_N" time="6.084" errors="0" timestamp="2021-07-16T17:47:12 IST" skipped="0">
  <testcase classname="Passport_Lite_Test.TC_Consent_N" name="APIResponse" time="6.084"/>
  <system-out/>
</testsuite> <!-- Passport_Lite_Test.TC_Consent_N -->
