<?xml version="1.0" encoding="UTF-8"?>
<!-- Generated by org.testng.reporters.JUnitReportReporter -->
<testsuite hostname="DESKTOP-SUCKV7U" failures="0" tests="1" name="Passport_Lite_Test.TC_Product_Subscribed" time="6.833" errors="0" timestamp="2021-07-20T14:07:44 IST" skipped="0">
  <testcase classname="Passport_Lite_Test.TC_Product_Subscribed" name="APIResponse" time="6.833"/>
  <system-out/>
</testsuite> <!-- Passport_Lite_Test.TC_Product_Subscribed -->
