<?xml version="1.0" encoding="UTF-8"?>
<!-- Generated by org.testng.reporters.JUnitReportReporter -->
<testsuite hostname="DESKTOP-SUCKV7U" failures="0" tests="1" name="IFSC_Lite_Test.TC_Sufficient_Balance_Wallet" time="36.893" errors="0" timestamp="2021-07-14T18:57:26 IST" skipped="0">
  <testcase classname="IFSC_Lite_Test.TC_Sufficient_Balance_Wallet" name="APIResponse" time="36.893"/>
  <system-out/>
</testsuite> <!-- IFSC_Lite_Test.TC_Sufficient_Balance_Wallet -->
