<?xml version="1.0" encoding="UTF-8"?>
<!-- Generated by org.testng.reporters.JUnitReportReporter -->
<testsuite hostname="DESKTOP-SUCKV7U" failures="0" tests="1" name="RC_Lite_Prod.TC_Consent_Text_200_PLUS" time="0.454" errors="0" timestamp="2021-07-23T16:56:03 IST" skipped="0">
  <testcase classname="RC_Lite_Prod.TC_Consent_Text_200_PLUS" name="APIResponse" time="0.454"/>
  <system-out/>
</testsuite> <!-- RC_Lite_Prod.TC_Consent_Text_200_PLUS -->
