<?xml version="1.0" encoding="UTF-8"?>
<!-- Generated by org.testng.reporters.JUnitReportReporter -->
<testsuite hostname="DESKTOP-SUCKV7U" failures="0" tests="1" name="RC_Lite_Prod.TC_Not_Disable_Account" time="3.249" errors="0" timestamp="2021-07-31T18:38:53 IST" skipped="0">
  <testcase classname="RC_Lite_Prod.TC_Not_Disable_Account" name="APIResponse" time="3.249"/>
  <system-out/>
</testsuite> <!-- RC_Lite_Prod.TC_Not_Disable_Account -->
