<?xml version="1.0" encoding="UTF-8"?>
<!-- Generated by org.testng.reporters.JUnitReportReporter -->
<testsuite hostname="DESKTOP-SUCKV7U" failures="0" tests="1" name="DL_Advance_Test.TC_InValid_API_key" time="0.175" errors="0" timestamp="2021-07-22T15:51:22 IST" skipped="0">
  <testcase classname="DL_Advance_Test.TC_InValid_API_key" name="APIResponse" time="0.175"/>
  <system-out/>
</testsuite> <!-- DL_Advance_Test.TC_InValid_API_key -->
