<?xml version="1.0" encoding="UTF-8"?>
<!-- Generated by org.testng.reporters.JUnitReportReporter -->
<testsuite hostname="DESKTOP-SUCKV7U" failures="0" tests="1" name="Passport_Lite_Test.TC_Not_Disable_Account" time="0.668" errors="0" timestamp="2021-07-23T16:56:03 IST" skipped="0">
  <testcase classname="Passport_Lite_Test.TC_Not_Disable_Account" name="APIResponse" time="0.668"/>
  <system-out/>
</testsuite> <!-- Passport_Lite_Test.TC_Not_Disable_Account -->
