<?xml version="1.0" encoding="UTF-8"?>
<!-- Generated by org.testng.reporters.JUnitReportReporter -->
<testsuite hostname="DESKTOP-SUCKV7U" failures="0" tests="1" name="DL_Advance_Test.TC_InActive_API_key" time="7.423" errors="0" timestamp="2021-07-18T22:03:04 IST" skipped="0">
  <testcase classname="DL_Advance_Test.TC_InActive_API_key" name="APIResponse" time="7.423"/>
  <system-out/>
</testsuite> <!-- DL_Advance_Test.TC_InActive_API_key -->
