<?xml version="1.0" encoding="UTF-8"?>
<!-- Generated by org.testng.reporters.JUnitReportReporter -->
<testsuite hostname="DESKTOP-SUCKV7U" failures="0" tests="1" name="GST_Advance_Test.TC_InValid_GST" time="0.165" errors="0" timestamp="2021-07-22T11:29:56 IST" skipped="0">
  <testcase classname="GST_Advance_Test.TC_InValid_GST" name="APIResponse" time="0.165"/>
  <system-out/>
</testsuite> <!-- GST_Advance_Test.TC_InValid_GST -->
