<?xml version="1.0" encoding="UTF-8"?>
<!-- Generated by org.testng.reporters.JUnitReportReporter -->
<testsuite hostname="DESKTOP-SUCKV7U" failures="0" tests="1" name="Voter_Advance_Prod.TC_Valid_Authentication_100" time="2.817" errors="0" timestamp="2021-07-22T11:30:02 IST" skipped="0">
  <testcase classname="Voter_Advance_Prod.TC_Valid_Authentication_100" name="APIResponse" time="2.817"/>
  <system-out/>
</testsuite> <!-- Voter_Advance_Prod.TC_Valid_Authentication_100 -->
