<?xml version="1.0" encoding="UTF-8"?>
<!-- Generated by org.testng.reporters.JUnitReportReporter -->
<testsuite hostname="DESKTOP-SUCKV7U" failures="0" tests="1" name="RC_Lite_Test.TC_Blank_APP_Id" time="9.490" errors="0" timestamp="2021-07-15T15:48:15 IST" skipped="0">
  <testcase classname="RC_Lite_Test.TC_Blank_APP_Id" name="APIResponse" time="9.490"/>
  <system-out/>
</testsuite> <!-- RC_Lite_Test.TC_Blank_APP_Id -->
