<?xml version="1.0" encoding="UTF-8"?>
<!-- Generated by org.testng.reporters.JUnitReportReporter -->
<testsuite hostname="DESKTOP-SUCKV7U" failures="0" tests="1" name="Passport_Lite_Prod.TC_Consent_N" time="5.062" errors="0" timestamp="2021-07-19T23:00:44 IST" skipped="0">
  <testcase classname="Passport_Lite_Prod.TC_Consent_N" name="APIResponse" time="5.062"/>
  <system-out/>
</testsuite> <!-- Passport_Lite_Prod.TC_Consent_N -->
