<?xml version="1.0" encoding="UTF-8"?>
<!-- Generated by org.testng.reporters.JUnitReportReporter -->
<testsuite hostname="DESKTOP-SUCKV7U" failures="0" tests="1" name="Passport_Lite_Test.TC_Consent_Text_200_PLUS" time="1.267" errors="0" timestamp="2021-07-23T16:56:03 IST" skipped="0">
  <testcase classname="Passport_Lite_Test.TC_Consent_Text_200_PLUS" name="APIResponse" time="1.267"/>
  <system-out/>
</testsuite> <!-- Passport_Lite_Test.TC_Consent_Text_200_PLUS -->
