<?xml version="1.0" encoding="UTF-8"?>
<!-- Generated by org.testng.reporters.JUnitReportReporter -->
<testsuite hostname="DESKTOP-SUCKV7U" failures="0" tests="1" name="RC_Advance_Prod.TC_Consent_N" time="7.313" errors="0" timestamp="2021-07-23T16:56:02 IST" skipped="0">
  <testcase classname="RC_Advance_Prod.TC_Consent_N" name="APIResponse" time="7.313"/>
  <system-out/>
</testsuite> <!-- RC_Advance_Prod.TC_Consent_N -->
