<?xml version="1.0" encoding="UTF-8"?>
<!-- Generated by org.testng.reporters.JUnitReportReporter -->
<testsuite hostname="DESKTOP-SUCKV7U" failures="0" tests="1" name="GST_Advance_Test.TC_Low_Balance_Wallet" time="0.394" errors="0" timestamp="2021-07-31T21:11:38 IST" skipped="0">
  <testcase classname="GST_Advance_Test.TC_Low_Balance_Wallet" name="APIResponse" time="0.394"/>
  <system-out/>
</testsuite> <!-- GST_Advance_Test.TC_Low_Balance_Wallet -->
