<?xml version="1.0" encoding="UTF-8"?>
<!-- Generated by org.testng.reporters.JUnitReportReporter -->
<testsuite hostname="DESKTOP-SUCKV7U" failures="0" tests="1" name="Passport_Lite_Prod.TC_InActive_APP_ID" time="4.849" errors="0" timestamp="2021-07-16T19:42:38 IST" skipped="0">
  <testcase classname="Passport_Lite_Prod.TC_InActive_APP_ID" name="APIResponse" time="4.849"/>
  <system-out/>
</testsuite> <!-- Passport_Lite_Prod.TC_InActive_APP_ID -->
