<?xml version="1.0" encoding="UTF-8"?>
<!-- Generated by org.testng.reporters.JUnitReportReporter -->
<testsuite hostname="DESKTOP-SUCKV7U" failures="0" tests="1" name="Passport_Lite_Test.TC_InValid_Passport_Type" time="13.116" errors="0" timestamp="2021-07-16T16:30:14 IST" skipped="0">
  <testcase classname="Passport_Lite_Test.TC_InValid_Passport_Type" name="APIResponse" time="13.116"/>
  <system-out/>
</testsuite> <!-- Passport_Lite_Test.TC_InValid_Passport_Type -->
