<?xml version="1.0" encoding="UTF-8"?>
<!-- Generated by org.testng.reporters.JUnitReportReporter -->
<testsuite hostname="DESKTOP-SUCKV7U" failures="0" tests="1" name="IFSC_Lite_Test.TC_InValid_APP_Id_API_Key" time="5.339" errors="0" timestamp="2021-07-14T17:50:29 IST" skipped="0">
  <testcase classname="IFSC_Lite_Test.TC_InValid_APP_Id_API_Key" name="APIResponse" time="5.339"/>
  <system-out/>
</testsuite> <!-- IFSC_Lite_Test.TC_InValid_APP_Id_API_Key -->
