<?xml version="1.0" encoding="UTF-8"?>
<!-- Generated by org.testng.reporters.JUnitReportReporter -->
<testsuite hostname="DESKTOP-SUCKV7U" failures="0" tests="1" name="Voter_Advance_Prod.TC_Consent_Text_200" time="12.399" errors="0" timestamp="2021-07-20T14:38:21 IST" skipped="0">
  <testcase classname="Voter_Advance_Prod.TC_Consent_Text_200" name="APIResponse" time="12.399"/>
  <system-out/>
</testsuite> <!-- Voter_Advance_Prod.TC_Consent_Text_200 -->
