<?xml version="1.0" encoding="UTF-8"?>
<!-- Generated by org.testng.reporters.JUnitReportReporter -->
<testsuite hostname="DESKTOP-SUCKV7U" failures="0" tests="1" name="BAV_Lite_Test.TC_Disable_Account" time="6.229" errors="0" timestamp="2021-07-19T18:50:31 IST" skipped="0">
  <testcase classname="BAV_Lite_Test.TC_Disable_Account" name="APIResponse" time="6.229"/>
  <system-out/>
</testsuite> <!-- BAV_Lite_Test.TC_Disable_Account -->
