<?xml version="1.0" encoding="UTF-8"?>
<!-- Generated by org.testng.reporters.JUnitReportReporter -->
<testsuite hostname="DESKTOP-SUCKV7U" failures="0" tests="1" name="DL_Advance_Test.TC_InValid_DL" time="6.890" errors="0" timestamp="2021-07-18T22:22:00 IST" skipped="0">
  <testcase classname="DL_Advance_Test.TC_InValid_DL" name="APIResponse" time="6.890"/>
  <system-out/>
</testsuite> <!-- DL_Advance_Test.TC_InValid_DL -->
