<?xml version="1.0" encoding="UTF-8"?>
<!-- Generated by org.testng.reporters.JUnitReportReporter -->
<testsuite hostname="DESKTOP-SUCKV7U" failures="0" tests="1" name="IFSC_Lite_Test.TC_Disable_Account" time="5.725" errors="0" timestamp="2021-07-20T16:35:44 IST" skipped="0">
  <testcase classname="IFSC_Lite_Test.TC_Disable_Account" name="APIResponse" time="5.725"/>
  <system-out/>
</testsuite> <!-- IFSC_Lite_Test.TC_Disable_Account -->
