<?xml version="1.0" encoding="UTF-8"?>
<!-- Generated by org.testng.reporters.JUnitReportReporter -->
<testsuite hostname="DESKTOP-SUCKV7U" failures="0" tests="1" name="GST_Lite_Test.TC_Product_Subscribed" time="30.107" errors="0" timestamp="2021-07-20T13:31:53 IST" skipped="0">
  <testcase classname="GST_Lite_Test.TC_Product_Subscribed" name="APIResponse" time="30.107"/>
  <system-out/>
</testsuite> <!-- GST_Lite_Test.TC_Product_Subscribed -->
