<?xml version="1.0" encoding="UTF-8"?>
<!-- Generated by org.testng.reporters.JUnitReportReporter -->
<testsuite hostname="DESKTOP-SUCKV7U" failures="0" tests="1" name="BAV_Lite_Prod.TC_Blank_APP_Id" time="5.002" errors="0" timestamp="2021-07-21T19:05:25 IST" skipped="0">
  <testcase classname="BAV_Lite_Prod.TC_Blank_APP_Id" name="APIResponse" time="5.002"/>
  <system-out/>
</testsuite> <!-- BAV_Lite_Prod.TC_Blank_APP_Id -->
