<?xml version="1.0" encoding="UTF-8"?>
<!-- Generated by org.testng.reporters.JUnitReportReporter -->
<testsuite hostname="DESKTOP-SUCKV7U" failures="0" tests="1" name="PAN_Lite_Prod.TC_InValid_APP_Id" time="0.189" errors="0" timestamp="2021-07-23T16:56:03 IST" skipped="0">
  <testcase classname="PAN_Lite_Prod.TC_InValid_APP_Id" name="APIResponse" time="0.189"/>
  <system-out/>
</testsuite> <!-- PAN_Lite_Prod.TC_InValid_APP_Id -->
