<?xml version="1.0" encoding="UTF-8"?>
<!-- Generated by org.testng.reporters.JUnitReportReporter -->
<testsuite hostname="DESKTOP-SUCKV7U" failures="0" tests="1" name="BAV_Lite_Test.TC_InValid_EndPoint" time="1.390" errors="0" timestamp="2021-07-22T11:29:59 IST" skipped="0">
  <testcase classname="BAV_Lite_Test.TC_InValid_EndPoint" name="APIResponse" time="1.390"/>
  <system-out/>
</testsuite> <!-- BAV_Lite_Test.TC_InValid_EndPoint -->
