<?xml version="1.0" encoding="UTF-8"?>
<!-- Generated by org.testng.reporters.JUnitReportReporter -->
<testsuite hostname="DESKTOP-SUCKV7U" failures="0" tests="1" name="IFSC_Lite_Test.TC_Disable_IP_Whitelisting" time="5.103" errors="0" timestamp="2021-07-20T16:35:03 IST" skipped="0">
  <testcase classname="IFSC_Lite_Test.TC_Disable_IP_Whitelisting" name="APIResponse" time="5.103"/>
  <system-out/>
</testsuite> <!-- IFSC_Lite_Test.TC_Disable_IP_Whitelisting -->
