<?xml version="1.0" encoding="UTF-8"?>
<!-- Generated by org.testng.reporters.JUnitReportReporter -->
<testsuite hostname="DESKTOP-SUCKV7U" failures="0" tests="1" name="Voter_Advance_Prod.TC_InValid_APP_Id" time="4.297" errors="0" timestamp="2021-07-19T20:47:09 IST" skipped="0">
  <testcase classname="Voter_Advance_Prod.TC_InValid_APP_Id" name="APIResponse" time="4.297"/>
  <system-out/>
</testsuite> <!-- Voter_Advance_Prod.TC_InValid_APP_Id -->
