<?xml version="1.0" encoding="UTF-8"?>
<!-- Generated by org.testng.reporters.JUnitReportReporter -->
<testsuite hostname="DESKTOP-SUCKV7U" failures="0" tests="1" name="GST_Lite_Prod.TC_GET" time="0.481" errors="0" timestamp="2021-07-22T15:51:23 IST" skipped="0">
  <testcase classname="GST_Lite_Prod.TC_GET" name="APIResponse" time="0.481"/>
  <system-out/>
</testsuite> <!-- GST_Lite_Prod.TC_GET -->
