<?xml version="1.0" encoding="UTF-8"?>
<!-- Generated by org.testng.reporters.JUnitReportReporter -->
<testsuite hostname="DESKTOP-SUCKV7U" failures="0" tests="1" name="BAV_Lite_Prod.TC_Product_Subscribed" time="6.569" errors="0" timestamp="2021-07-20T13:08:42 IST" skipped="0">
  <testcase classname="BAV_Lite_Prod.TC_Product_Subscribed" name="APIResponse" time="6.569"/>
  <system-out/>
</testsuite> <!-- BAV_Lite_Prod.TC_Product_Subscribed -->
