<?xml version="1.0" encoding="UTF-8"?>
<!-- Generated by org.testng.reporters.JUnitReportReporter -->
<testsuite hostname="DESKTOP-SUCKV7U" failures="0" tests="1" name="Voter_Advance_Prod.TC_Not_Disable_Account" time="3.018" errors="0" timestamp="2021-07-31T21:11:38 IST" skipped="0">
  <testcase classname="Voter_Advance_Prod.TC_Not_Disable_Account" name="APIResponse" time="3.018"/>
  <system-out/>
</testsuite> <!-- Voter_Advance_Prod.TC_Not_Disable_Account -->
