<?xml version="1.0" encoding="UTF-8"?>
<!-- Generated by org.testng.reporters.JUnitReportReporter -->
<testsuite hostname="DESKTOP-SUCKV7U" failures="0" tests="1" name="PAN_Advance_Test.TC_Consent_Text_200_PLUS" time="0.191" errors="0" timestamp="2021-07-22T15:51:23 IST" skipped="0">
  <testcase classname="PAN_Advance_Test.TC_Consent_Text_200_PLUS" name="APIResponse" time="0.191"/>
  <system-out/>
</testsuite> <!-- PAN_Advance_Test.TC_Consent_Text_200_PLUS -->
