<?xml version="1.0" encoding="UTF-8"?>
<!-- Generated by org.testng.reporters.JUnitReportReporter -->
<testsuite hostname="DESKTOP-SUCKV7U" failures="0" tests="1" name="DL_Advance_Test.TC_InActive_APP_ID" time="0.261" errors="0" timestamp="2021-07-22T11:30:02 IST" skipped="0">
  <testcase classname="DL_Advance_Test.TC_InActive_APP_ID" name="APIResponse" time="0.261"/>
  <system-out/>
</testsuite> <!-- DL_Advance_Test.TC_InActive_APP_ID -->
