<?xml version="1.0" encoding="UTF-8"?>
<!-- Generated by org.testng.reporters.JUnitReportReporter -->
<testsuite hostname="DESKTOP-SUCKV7U" failures="0" tests="1" name="RC_Lite_Prod.TC_Valid_Authentication_100" time="8.393" errors="0" timestamp="2021-07-23T13:45:17 IST" skipped="0">
  <testcase classname="RC_Lite_Prod.TC_Valid_Authentication_100" name="APIResponse" time="8.393"/>
  <system-out/>
</testsuite> <!-- RC_Lite_Prod.TC_Valid_Authentication_100 -->
