<?xml version="1.0" encoding="UTF-8"?>
<!-- Generated by org.testng.reporters.JUnitReportReporter -->
<testsuite hostname="DESKTOP-SUCKV7U" failures="0" tests="1" name="GST_Advance_Test.TC_Low_Balance_Wallet" time="0.671" errors="0" timestamp="2021-07-23T16:56:02 IST" skipped="0">
  <testcase classname="GST_Advance_Test.TC_Low_Balance_Wallet" name="APIResponse" time="0.671"/>
  <system-out/>
</testsuite> <!-- GST_Advance_Test.TC_Low_Balance_Wallet -->
