<?xml version="1.0" encoding="UTF-8"?>
<!-- Generated by org.testng.reporters.JUnitReportReporter -->
<testsuite hostname="DESKTOP-SUCKV7U" failures="0" tests="1" name="GST_Lite_Prod.TC_Disable_IP_Whitelisting" time="1.866" errors="0" timestamp="2021-07-22T15:51:22 IST" skipped="0">
  <testcase classname="GST_Lite_Prod.TC_Disable_IP_Whitelisting" name="APIResponse" time="1.866"/>
  <system-out/>
</testsuite> <!-- GST_Lite_Prod.TC_Disable_IP_Whitelisting -->
