<?xml version="1.0" encoding="UTF-8"?>
<!-- Generated by org.testng.reporters.JUnitReportReporter -->
<testsuite hostname="DESKTOP-SUCKV7U" failures="0" tests="1" name="RC_Advance_Prod.TC_InValid_APP_Id" time="0.467" errors="0" timestamp="2021-07-31T18:38:54 IST" skipped="0">
  <testcase classname="RC_Advance_Prod.TC_InValid_APP_Id" name="APIResponse" time="0.467"/>
  <system-out/>
</testsuite> <!-- RC_Advance_Prod.TC_InValid_APP_Id -->
