<?xml version="1.0" encoding="UTF-8"?>
<!-- Generated by org.testng.reporters.JUnitReportReporter -->
<testsuite hostname="DESKTOP-SUCKV7U" failures="0" tests="1" name="RC_Advance_Test.TC_InValid_API_key" time="0.139" errors="0" timestamp="2021-07-31T21:11:38 IST" skipped="0">
  <testcase classname="RC_Advance_Test.TC_InValid_API_key" name="APIResponse" time="0.139"/>
  <system-out/>
</testsuite> <!-- RC_Advance_Test.TC_InValid_API_key -->
