<?xml version="1.0" encoding="UTF-8"?>
<!-- Generated by org.testng.reporters.JUnitReportReporter -->
<testsuite hostname="DESKTOP-SUCKV7U" failures="0" tests="1" name="PAN_Advance_Prod.TC_Blank_APP_Id" time="0.250" errors="0" timestamp="2021-07-31T18:38:54 IST" skipped="0">
  <testcase classname="PAN_Advance_Prod.TC_Blank_APP_Id" name="APIResponse" time="0.250"/>
  <system-out/>
</testsuite> <!-- PAN_Advance_Prod.TC_Blank_APP_Id -->
