<?xml version="1.0" encoding="UTF-8"?>
<!-- Generated by org.testng.reporters.JUnitReportReporter -->
<testsuite hostname="DESKTOP-SUCKV7U" failures="0" tests="1" name="DL_Advance_Prod.TC_GET" time="0.104" errors="0" timestamp="2021-07-23T16:56:02 IST" skipped="0">
  <testcase classname="DL_Advance_Prod.TC_GET" name="APIResponse" time="0.104"/>
  <system-out/>
</testsuite> <!-- DL_Advance_Prod.TC_GET -->
