<?xml version="1.0" encoding="UTF-8"?>
<!-- Generated by org.testng.reporters.JUnitReportReporter -->
<testsuite hostname="DESKTOP-SUCKV7U" failures="0" tests="1" name="GST_Advance_Prod.TC_InActive_API_key" time="0.429" errors="0" timestamp="2021-07-22T11:30:01 IST" skipped="0">
  <testcase classname="GST_Advance_Prod.TC_InActive_API_key" name="APIResponse" time="0.429"/>
  <system-out/>
</testsuite> <!-- GST_Advance_Prod.TC_InActive_API_key -->
