<?xml version="1.0" encoding="UTF-8"?>
<!-- Generated by org.testng.reporters.JUnitReportReporter -->
<testsuite hostname="DESKTOP-SUCKV7U" failures="0" tests="1" name="DL_Products_API.TC_Consent_Text_200" time="28.240" errors="0" timestamp="2021-07-12T19:13:02 IST" skipped="0">
  <testcase classname="DL_Products_API.TC_Consent_Text_200" name="APIResponse" time="28.240"/>
  <system-out/>
</testsuite> <!-- DL_Products_API.TC_Consent_Text_200 -->
