<?xml version="1.0" encoding="UTF-8"?>
<!-- Generated by org.testng.reporters.JUnitReportReporter -->
<testsuite hostname="DESKTOP-SUCKV7U" failures="0" tests="1" name="DL_Products_API.TC_InValid_API_key" time="0.215" errors="0" timestamp="2021-07-05T15:53:38 IST" skipped="0">
  <testcase classname="DL_Products_API.TC_InValid_API_key" name="APIResponse" time="0.215"/>
  <system-out/>
</testsuite> <!-- DL_Products_API.TC_InValid_API_key -->
