<?xml version="1.0" encoding="UTF-8"?>
<!-- Generated by org.testng.reporters.JUnitReportReporter -->
<testsuite hostname="DESKTOP-SUCKV7U" failures="0" tests="1" name="GST_Advance_Test.TC_InValid_APP_Id" time="2.592" errors="0" timestamp="2021-07-31T21:11:39 IST" skipped="0">
  <testcase classname="GST_Advance_Test.TC_InValid_APP_Id" name="APIResponse" time="2.592"/>
  <system-out/>
</testsuite> <!-- GST_Advance_Test.TC_InValid_APP_Id -->
