<?xml version="1.0" encoding="UTF-8"?>
<!-- Generated by org.testng.reporters.JUnitReportReporter -->
<testsuite hostname="DESKTOP-SUCKV7U" failures="0" tests="1" name="Passport_Lite_Test.TC_InActive_APP_ID" time="4.612" errors="0" timestamp="2021-07-16T15:33:36 IST" skipped="0">
  <testcase classname="Passport_Lite_Test.TC_InActive_APP_ID" name="APIResponse" time="4.612"/>
  <system-out/>
</testsuite> <!-- Passport_Lite_Test.TC_InActive_APP_ID -->
