<?xml version="1.0" encoding="UTF-8"?>
<!-- Generated by org.testng.reporters.JUnitReportReporter -->
<testsuite hostname="DESKTOP-SUCKV7U" failures="0" tests="1" name="RC_Lite_Test.TC_InValid_EndPoint" time="0.325" errors="0" timestamp="2021-07-31T18:38:55 IST" skipped="0">
  <testcase classname="RC_Lite_Test.TC_InValid_EndPoint" name="APIResponse" time="0.325"/>
  <system-out/>
</testsuite> <!-- RC_Lite_Test.TC_InValid_EndPoint -->
