<?xml version="1.0" encoding="UTF-8"?>
<!-- Generated by org.testng.reporters.JUnitReportReporter -->
<testsuite hostname="DESKTOP-SUCKV7U" failures="0" tests="1" name="GST_Lite_Test.TC_IP_Whitelisting" time="4.637" errors="0" timestamp="2021-07-05T19:51:46 IST" skipped="0">
  <testcase classname="GST_Lite_Test.TC_IP_Whitelisting" name="APIResponse" time="4.637"/>
  <system-out/>
</testsuite> <!-- GST_Lite_Test.TC_IP_Whitelisting -->
