<?xml version="1.0" encoding="UTF-8"?>
<!-- Generated by org.testng.reporters.JUnitReportReporter -->
<testsuite hostname="DESKTOP-SUCKV7U" failures="0" tests="1" name="PAN_Advance_Prod.TC_Valid_Authentication_100" time="0.857" errors="0" timestamp="2021-07-31T18:38:55 IST" skipped="0">
  <testcase classname="PAN_Advance_Prod.TC_Valid_Authentication_100" name="APIResponse" time="0.857"/>
  <system-out/>
</testsuite> <!-- PAN_Advance_Prod.TC_Valid_Authentication_100 -->
