<?xml version="1.0" encoding="UTF-8"?>
<!-- Generated by org.testng.reporters.JUnitReportReporter -->
<testsuite hostname="DESKTOP-SUCKV7U" failures="0" tests="1" name="GST_Advance_Test.TC_Consent_N" time="0.347" errors="0" timestamp="2021-07-31T18:38:53 IST" skipped="0">
  <testcase classname="GST_Advance_Test.TC_Consent_N" name="APIResponse" time="0.347"/>
  <system-out/>
</testsuite> <!-- GST_Advance_Test.TC_Consent_N -->
