<?xml version="1.0" encoding="UTF-8"?>
<!-- Generated by org.testng.reporters.JUnitReportReporter -->
<testsuite hostname="DESKTOP-SUCKV7U" failures="0" tests="1" name="Passport_Lite_Test.TC_Consent_Text_200_PLUS" time="5.166" errors="0" timestamp="2021-07-16T14:52:00 IST" skipped="0">
  <testcase classname="Passport_Lite_Test.TC_Consent_Text_200_PLUS" name="APIResponse" time="5.166"/>
  <system-out/>
</testsuite> <!-- Passport_Lite_Test.TC_Consent_Text_200_PLUS -->
