<?xml version="1.0" encoding="UTF-8"?>
<!-- Generated by org.testng.reporters.JUnitReportReporter -->
<testsuite hostname="DESKTOP-SUCKV7U" failures="0" tests="1" name="GST_Lite_Test.TC_Consent_Text_200" time="4.925" errors="0" timestamp="2021-07-13T10:37:37 IST" skipped="0">
  <testcase classname="GST_Lite_Test.TC_Consent_Text_200" name="APIResponse" time="4.925"/>
  <system-out/>
</testsuite> <!-- GST_Lite_Test.TC_Consent_Text_200 -->
