<?xml version="1.0" encoding="UTF-8"?>
<!-- Generated by org.testng.reporters.JUnitReportReporter -->
<testsuite hostname="DESKTOP-SUCKV7U" failures="0" tests="1" name="PAN_Lite_Prod.TC_Valid_Authentication_100" time="1.007" errors="0" timestamp="2021-07-23T16:56:02 IST" skipped="0">
  <testcase classname="PAN_Lite_Prod.TC_Valid_Authentication_100" name="APIResponse" time="1.007"/>
  <system-out/>
</testsuite> <!-- PAN_Lite_Prod.TC_Valid_Authentication_100 -->
