<?xml version="1.0" encoding="UTF-8"?>
<!-- Generated by org.testng.reporters.JUnitReportReporter -->
<testsuite hostname="DESKTOP-SUCKV7U" failures="0" tests="1" name="Passport_Lite_Prod.TC_InValid_customer_country" time="4.547" errors="0" timestamp="2021-07-16T19:52:58 IST" skipped="0">
  <testcase classname="Passport_Lite_Prod.TC_InValid_customer_country" name="APIResponse" time="4.547"/>
  <system-out/>
</testsuite> <!-- Passport_Lite_Prod.TC_InValid_customer_country -->
