<?xml version="1.0" encoding="UTF-8"?>
<!-- Generated by org.testng.reporters.JUnitReportReporter -->
<testsuite hostname="DESKTOP-SUCKV7U" failures="0" tests="1" name="PAN_Advance_Test.TC_Consent_N" time="0.222" errors="0" timestamp="2021-07-23T16:56:03 IST" skipped="0">
  <testcase classname="PAN_Advance_Test.TC_Consent_N" name="APIResponse" time="0.222"/>
  <system-out/>
</testsuite> <!-- PAN_Advance_Test.TC_Consent_N -->
