<?xml version="1.0" encoding="UTF-8"?>
<!-- Generated by org.testng.reporters.JUnitReportReporter -->
<testsuite hostname="DESKTOP-SUCKV7U" failures="0" tests="1" name="DL_Advance_Test.TC_Disable_IP_Whitelisting" time="7.310" errors="0" timestamp="2021-07-20T16:56:17 IST" skipped="0">
  <testcase classname="DL_Advance_Test.TC_Disable_IP_Whitelisting" name="APIResponse" time="7.310"/>
  <system-out/>
</testsuite> <!-- DL_Advance_Test.TC_Disable_IP_Whitelisting -->
