<?xml version="1.0" encoding="UTF-8"?>
<!-- Generated by org.testng.reporters.JUnitReportReporter -->
<testsuite hostname="DESKTOP-SUCKV7U" failures="0" tests="1" name="PAN_Advance_Test.TC_Disable_IP_Whitelisting" time="5.650" errors="0" timestamp="2021-07-20T16:27:43 IST" skipped="0">
  <testcase classname="PAN_Advance_Test.TC_Disable_IP_Whitelisting" name="APIResponse" time="5.650"/>
  <system-out/>
</testsuite> <!-- PAN_Advance_Test.TC_Disable_IP_Whitelisting -->
