<?xml version="1.0" encoding="UTF-8"?>
<!-- Generated by org.testng.reporters.JUnitReportReporter -->
<testsuite hostname="DESKTOP-SUCKV7U" failures="0" tests="1" name="IFSC_Lite_Test.TC_InValid_EndPoint" time="0.061" errors="0" timestamp="2021-07-31T18:38:54 IST" skipped="0">
  <testcase classname="IFSC_Lite_Test.TC_InValid_EndPoint" name="APIResponse" time="0.061"/>
  <system-out/>
</testsuite> <!-- IFSC_Lite_Test.TC_InValid_EndPoint -->
