<?xml version="1.0" encoding="UTF-8"?>
<!-- Generated by org.testng.reporters.JUnitReportReporter -->
<testsuite hostname="DESKTOP-SUCKV7U" failures="0" tests="1" name="BAV_Lite_Test.TC_Consent_Text_200_PLUS" time="26.232" errors="0" timestamp="2021-07-14T23:16:07 IST" skipped="0">
  <testcase classname="BAV_Lite_Test.TC_Consent_Text_200_PLUS" name="APIResponse" time="26.232"/>
  <system-out/>
</testsuite> <!-- BAV_Lite_Test.TC_Consent_Text_200_PLUS -->
