<?xml version="1.0" encoding="UTF-8"?>
<!-- Generated by org.testng.reporters.JUnitReportReporter -->
<testsuite hostname="DESKTOP-SUCKV7U" failures="0" tests="1" name="RC_Lite_Prod.TC_GET" time="0.273" errors="0" timestamp="2021-07-22T11:30:03 IST" skipped="0">
  <testcase classname="RC_Lite_Prod.TC_GET" name="APIResponse" time="0.273"/>
  <system-out/>
</testsuite> <!-- RC_Lite_Prod.TC_GET -->
