<?xml version="1.0" encoding="UTF-8"?>
<!-- Generated by org.testng.reporters.JUnitReportReporter -->
<testsuite hostname="DESKTOP-SUCKV7U" failures="0" tests="1" name="GST_Lite_Prod.TC_Sufficient_Balance_Wallet" time="5.813" errors="0" timestamp="2021-07-31T21:11:39 IST" skipped="0">
  <testcase classname="GST_Lite_Prod.TC_Sufficient_Balance_Wallet" name="APIResponse" time="5.813"/>
  <system-out/>
</testsuite> <!-- GST_Lite_Prod.TC_Sufficient_Balance_Wallet -->
