<?xml version="1.0" encoding="UTF-8"?>
<!-- Generated by org.testng.reporters.JUnitReportReporter -->
<testsuite hostname="DESKTOP-SUCKV7U" failures="0" tests="1" name="GST_Lite_Prod.TC_InValid_APP_Id_API_Key" time="0.137" errors="0" timestamp="2021-07-23T16:56:02 IST" skipped="0">
  <testcase classname="GST_Lite_Prod.TC_InValid_APP_Id_API_Key" name="APIResponse" time="0.137"/>
  <system-out/>
</testsuite> <!-- GST_Lite_Prod.TC_InValid_APP_Id_API_Key -->
