<?xml version="1.0" encoding="UTF-8"?>
<!-- Generated by org.testng.reporters.JUnitReportReporter -->
<testsuite hostname="DESKTOP-SUCKV7U" failures="0" tests="1" name="RC_Advance_Test.TC_InValid_APP_Id_API_Key" time="0.219" errors="0" timestamp="2021-07-22T11:29:57 IST" skipped="0">
  <testcase classname="RC_Advance_Test.TC_InValid_APP_Id_API_Key" name="APIResponse" time="0.219"/>
  <system-out/>
</testsuite> <!-- RC_Advance_Test.TC_InValid_APP_Id_API_Key -->
