<?xml version="1.0" encoding="UTF-8"?>
<!-- Generated by org.testng.reporters.JUnitReportReporter -->
<testsuite hostname="DESKTOP-SUCKV7U" failures="0" tests="1" name="IFSC_Lite_Test.TC_Test_Limits_Exhaust" time="0.212" errors="0" timestamp="2021-07-31T21:11:38 IST" skipped="0">
  <testcase classname="IFSC_Lite_Test.TC_Test_Limits_Exhaust" name="APIResponse" time="0.212"/>
  <system-out/>
</testsuite> <!-- IFSC_Lite_Test.TC_Test_Limits_Exhaust -->
