<?xml version="1.0" encoding="UTF-8"?>
<!-- Generated by org.testng.reporters.JUnitReportReporter -->
<testsuite hostname="DESKTOP-SUCKV7U" failures="0" tests="1" name="PAN_Lite_Prod.TC_Consent_N" time="0.493" errors="0" timestamp="2021-07-22T15:51:23 IST" skipped="0">
  <testcase classname="PAN_Lite_Prod.TC_Consent_N" name="APIResponse" time="0.493"/>
  <system-out/>
</testsuite> <!-- PAN_Lite_Prod.TC_Consent_N -->
