<?xml version="1.0" encoding="UTF-8"?>
<!-- Generated by org.testng.reporters.JUnitReportReporter -->
<testsuite hostname="DESKTOP-SUCKV7U" failures="0" tests="1" name="BAV_Lite_Test.TC_Blank_APP_Id" time="27.430" errors="0" timestamp="2021-07-14T21:40:36 IST" skipped="0">
  <testcase classname="BAV_Lite_Test.TC_Blank_APP_Id" name="APIResponse" time="27.430"/>
  <system-out/>
</testsuite> <!-- BAV_Lite_Test.TC_Blank_APP_Id -->
