<?xml version="1.0" encoding="UTF-8"?>
<!-- Generated by org.testng.reporters.JUnitReportReporter -->
<testsuite hostname="DESKTOP-SUCKV7U" failures="0" tests="1" name="GST_Lite_Test.TC_Disable_Account" time="5.051" errors="0" timestamp="2021-07-20T16:42:20 IST" skipped="0">
  <testcase classname="GST_Lite_Test.TC_Disable_Account" name="APIResponse" time="5.051"/>
  <system-out/>
</testsuite> <!-- GST_Lite_Test.TC_Disable_Account -->
