<?xml version="1.0" encoding="UTF-8"?>
<!-- Generated by org.testng.reporters.JUnitReportReporter -->
<testsuite hostname="DESKTOP-SUCKV7U" failures="0" tests="1" name="DL_Advance_Test.TC_InValid_EndPoint" time="3.995" errors="0" timestamp="2021-07-19T16:06:16 IST" skipped="0">
  <testcase classname="DL_Advance_Test.TC_InValid_EndPoint" name="APIResponse" time="3.995"/>
  <system-out/>
</testsuite> <!-- DL_Advance_Test.TC_InValid_EndPoint -->
