<?xml version="1.0" encoding="UTF-8"?>
<!-- Generated by org.testng.reporters.JUnitReportReporter -->
<testsuite hostname="DESKTOP-SUCKV7U" failures="0" tests="1" name="PAN_Advance_Prod.TC_GET" time="0.103" errors="0" timestamp="2021-07-22T15:51:23 IST" skipped="0">
  <testcase classname="PAN_Advance_Prod.TC_GET" name="APIResponse" time="0.103"/>
  <system-out/>
</testsuite> <!-- PAN_Advance_Prod.TC_GET -->
