<?xml version="1.0" encoding="UTF-8"?>
<!-- Generated by org.testng.reporters.JUnitReportReporter -->
<testsuite hostname="DESKTOP-SUCKV7U" failures="0" tests="1" name="RC_Advance_Test.TC_Sufficient_Balance_Wallet" time="3.847" errors="0" timestamp="2021-07-22T11:29:58 IST" skipped="0">
  <testcase classname="RC_Advance_Test.TC_Sufficient_Balance_Wallet" name="APIResponse" time="3.847"/>
  <system-out/>
</testsuite> <!-- RC_Advance_Test.TC_Sufficient_Balance_Wallet -->
