<?xml version="1.0" encoding="UTF-8"?>
<!-- Generated by org.testng.reporters.JUnitReportReporter -->
<testsuite hostname="DESKTOP-SUCKV7U" failures="0" tests="1" name="Voter_Advance_Prod.TC_Consent_Text_200_PLUS" time="1.351" errors="0" timestamp="2021-07-31T21:11:39 IST" skipped="0">
  <testcase classname="Voter_Advance_Prod.TC_Consent_Text_200_PLUS" name="APIResponse" time="1.351"/>
  <system-out/>
</testsuite> <!-- Voter_Advance_Prod.TC_Consent_Text_200_PLUS -->
