<?xml version="1.0" encoding="UTF-8"?>
<!-- Generated by org.testng.reporters.JUnitReportReporter -->
<testsuite hostname="DESKTOP-SUCKV7U" failures="0" tests="1" name="PAN_Lite_Test.TC_Not_Disable_Account" time="1.008" errors="0" timestamp="2021-07-31T18:38:53 IST" skipped="0">
  <testcase classname="PAN_Lite_Test.TC_Not_Disable_Account" name="APIResponse" time="1.008"/>
  <system-out/>
</testsuite> <!-- PAN_Lite_Test.TC_Not_Disable_Account -->
