<?xml version="1.0" encoding="UTF-8"?>
<!-- Generated by org.testng.reporters.JUnitReportReporter -->
<testsuite hostname="DESKTOP-SUCKV7U" failures="0" tests="1" name="Passport_Lite_Test.TC_Disable_Account" time="30.516" errors="0" timestamp="2021-07-20T16:01:52 IST" skipped="0">
  <testcase classname="Passport_Lite_Test.TC_Disable_Account" name="APIResponse" time="30.516"/>
  <system-out/>
</testsuite> <!-- Passport_Lite_Test.TC_Disable_Account -->
