<?xml version="1.0" encoding="UTF-8"?>
<!-- Generated by org.testng.reporters.JUnitReportReporter -->
<testsuite hostname="DESKTOP-SUCKV7U" failures="0" tests="1" name="GST_Advance_Prod.TC_InValid_GST" time="0.241" errors="0" timestamp="2021-07-23T16:56:02 IST" skipped="0">
  <testcase classname="GST_Advance_Prod.TC_InValid_GST" name="APIResponse" time="0.241"/>
  <system-out/>
</testsuite> <!-- GST_Advance_Prod.TC_InValid_GST -->
