<?xml version="1.0" encoding="UTF-8"?>
<!-- Generated by org.testng.reporters.JUnitReportReporter -->
<testsuite hostname="DESKTOP-SUCKV7U" failures="0" tests="1" name="GST_Lite_Prod.TC_Consent_Text_200_PLUS" time="0.133" errors="0" timestamp="2021-07-31T18:38:53 IST" skipped="0">
  <testcase classname="GST_Lite_Prod.TC_Consent_Text_200_PLUS" name="APIResponse" time="0.133"/>
  <system-out/>
</testsuite> <!-- GST_Lite_Prod.TC_Consent_Text_200_PLUS -->
