<?xml version="1.0" encoding="UTF-8"?>
<!-- Generated by org.testng.reporters.JUnitReportReporter -->
<testsuite hostname="DESKTOP-SUCKV7U" failures="0" tests="1" name="GST_Advance_Test.TC_Disable_IP_Whitelisting" time="2.668" errors="0" timestamp="2021-07-22T15:51:23 IST" skipped="0">
  <testcase classname="GST_Advance_Test.TC_Disable_IP_Whitelisting" name="APIResponse" time="2.668"/>
  <system-out/>
</testsuite> <!-- GST_Advance_Test.TC_Disable_IP_Whitelisting -->
