<?xml version="1.0" encoding="UTF-8"?>
<!-- Generated by org.testng.reporters.JUnitReportReporter -->
<testsuite hostname="DESKTOP-SUCKV7U" failures="0" tests="1" name="BAV_Lite_Prod.TC_InActive_API_key" time="0.502" errors="0" timestamp="2021-07-31T21:11:38 IST" skipped="0">
  <testcase classname="BAV_Lite_Prod.TC_InActive_API_key" name="APIResponse" time="0.502"/>
  <system-out/>
</testsuite> <!-- BAV_Lite_Prod.TC_InActive_API_key -->
