<?xml version="1.0" encoding="UTF-8"?>
<!-- Generated by org.testng.reporters.JUnitReportReporter -->
<testsuite hostname="DESKTOP-SUCKV7U" failures="0" tests="1" name="Voter_Advance_Prod.TC_Blank_APP_Id" time="1.157" errors="0" timestamp="2021-07-22T11:30:00 IST" skipped="0">
  <testcase classname="Voter_Advance_Prod.TC_Blank_APP_Id" name="APIResponse" time="1.157"/>
  <system-out/>
</testsuite> <!-- Voter_Advance_Prod.TC_Blank_APP_Id -->
