<?xml version="1.0" encoding="UTF-8"?>
<!-- Generated by org.testng.reporters.JUnitReportReporter -->
<testsuite hostname="DESKTOP-SUCKV7U" failures="0" tests="1" name="PAN_Lite_Test.TC_Consent_Text_201" time="5.963" errors="0" timestamp="2021-07-16T21:08:27 IST" skipped="0">
  <testcase classname="PAN_Lite_Test.TC_Consent_Text_201" name="APIResponse" time="5.963"/>
  <system-out/>
</testsuite> <!-- PAN_Lite_Test.TC_Consent_Text_201 -->
