<?xml version="1.0" encoding="UTF-8"?>
<!-- Generated by org.testng.reporters.JUnitReportReporter -->
<testsuite hostname="DESKTOP-SUCKV7U" failures="0" tests="1" name="RC_Advance_Prod.TC_Not_Disable_Account" time="1.462" errors="0" timestamp="2021-07-22T11:30:00 IST" skipped="0">
  <testcase classname="RC_Advance_Prod.TC_Not_Disable_Account" name="APIResponse" time="1.462"/>
  <system-out/>
</testsuite> <!-- RC_Advance_Prod.TC_Not_Disable_Account -->
