<?xml version="1.0" encoding="UTF-8"?>
<!-- Generated by org.testng.reporters.JUnitReportReporter -->
<testsuite hostname="DESKTOP-SUCKV7U" failures="0" tests="1" name="Voter_Advance_Test.TC_InValid_EndPoint" time="0.220" errors="0" timestamp="2021-07-22T11:29:59 IST" skipped="0">
  <testcase classname="Voter_Advance_Test.TC_InValid_EndPoint" name="APIResponse" time="0.220"/>
  <system-out/>
</testsuite> <!-- Voter_Advance_Test.TC_InValid_EndPoint -->
