<?xml version="1.0" encoding="UTF-8"?>
<!-- Generated by org.testng.reporters.JUnitReportReporter -->
<testsuite hostname="DESKTOP-SUCKV7U" failures="0" tests="1" name="IFSC_Lite_Test.TC_Blank_APP_Id" time="46.098" errors="0" timestamp="2021-07-14T16:42:47 IST" skipped="0">
  <testcase classname="IFSC_Lite_Test.TC_Blank_APP_Id" name="APIResponse" time="46.098"/>
  <system-out/>
</testsuite> <!-- IFSC_Lite_Test.TC_Blank_APP_Id -->
