<?xml version="1.0" encoding="UTF-8"?>
<!-- Generated by org.testng.reporters.JUnitReportReporter -->
<testsuite hostname="DESKTOP-SUCKV7U" failures="0" tests="1" name="RC_Advance_Test.TC_Disable_Account" time="7.106" errors="0" timestamp="2021-07-20T15:30:12 IST" skipped="0">
  <testcase classname="RC_Advance_Test.TC_Disable_Account" name="APIResponse" time="7.106"/>
  <system-out/>
</testsuite> <!-- RC_Advance_Test.TC_Disable_Account -->
