<?xml version="1.0" encoding="UTF-8"?>
<!-- Generated by org.testng.reporters.JUnitReportReporter -->
<testsuite hostname="DESKTOP-SUCKV7U" failures="0" tests="1" name="PAN_Lite_Prod.TC_InActive_API_key" time="0.165" errors="0" timestamp="2021-07-23T16:56:03 IST" skipped="0">
  <testcase classname="PAN_Lite_Prod.TC_InActive_API_key" name="APIResponse" time="0.165"/>
  <system-out/>
</testsuite> <!-- PAN_Lite_Prod.TC_InActive_API_key -->
