<?xml version="1.0" encoding="UTF-8"?>
<!-- Generated by org.testng.reporters.JUnitReportReporter -->
<testsuite hostname="DESKTOP-SUCKV7U" failures="0" tests="1" name="PAN_Advance_Prod.TC_Consent_Text_200_PLUS" time="6.082" errors="0" timestamp="2021-07-31T21:11:39 IST" skipped="0">
  <testcase classname="PAN_Advance_Prod.TC_Consent_Text_200_PLUS" name="APIResponse" time="6.082"/>
  <system-out/>
</testsuite> <!-- PAN_Advance_Prod.TC_Consent_Text_200_PLUS -->
