<?xml version="1.0" encoding="UTF-8"?>
<!-- Generated by org.testng.reporters.JUnitReportReporter -->
<testsuite hostname="DESKTOP-SUCKV7U" failures="0" tests="1" name="Voter_Advance_Prod.TC_InValid_EndPoint" time="16.169" errors="0" timestamp="2021-07-19T20:53:56 IST" skipped="0">
  <testcase classname="Voter_Advance_Prod.TC_InValid_EndPoint" name="APIResponse" time="16.169"/>
  <system-out/>
</testsuite> <!-- Voter_Advance_Prod.TC_InValid_EndPoint -->
