<?xml version="1.0" encoding="UTF-8"?>
<!-- Generated by org.testng.reporters.JUnitReportReporter -->
<testsuite hostname="DESKTOP-SUCKV7U" failures="0" tests="1" name="PAN_Lite_Prod.TC_Blank_Body" time="0.520" errors="0" timestamp="2021-07-31T21:11:38 IST" skipped="0">
  <testcase classname="PAN_Lite_Prod.TC_Blank_Body" name="APIResponse" time="0.520"/>
  <system-out/>
</testsuite> <!-- PAN_Lite_Prod.TC_Blank_Body -->
