<?xml version="1.0" encoding="UTF-8"?>
<!-- Generated by org.testng.reporters.JUnitReportReporter -->
<testsuite hostname="DESKTOP-SUCKV7U" failures="0" tests="1" name="BAV_Lite_Prod.TC_InValid_IFSC" time="0.219" errors="0" timestamp="2021-07-22T15:51:23 IST" skipped="0">
  <testcase classname="BAV_Lite_Prod.TC_InValid_IFSC" name="APIResponse" time="0.219"/>
  <system-out/>
</testsuite> <!-- BAV_Lite_Prod.TC_InValid_IFSC -->
