<?xml version="1.0" encoding="UTF-8"?>
<!-- Generated by org.testng.reporters.JUnitReportReporter -->
<testsuite hostname="DESKTOP-SUCKV7U" failures="0" tests="1" name="IFSC_Lite_Test.TC_Blank_Body" time="4.073" errors="0" timestamp="2021-07-14T19:25:52 IST" skipped="0">
  <testcase classname="IFSC_Lite_Test.TC_Blank_Body" name="APIResponse" time="4.073"/>
  <system-out/>
</testsuite> <!-- IFSC_Lite_Test.TC_Blank_Body -->
