<?xml version="1.0" encoding="UTF-8"?>
<!-- Generated by org.testng.reporters.JUnitReportReporter -->
<testsuite hostname="DESKTOP-SUCKV7U" failures="0" tests="1" name="DL_Advance_Test.TC_Consent_N" time="4.309" errors="0" timestamp="2021-07-18T21:30:34 IST" skipped="0">
  <testcase classname="DL_Advance_Test.TC_Consent_N" name="APIResponse" time="4.309"/>
  <system-out/>
</testsuite> <!-- DL_Advance_Test.TC_Consent_N -->
