<?xml version="1.0" encoding="UTF-8"?>
<!-- Generated by org.testng.reporters.JUnitReportReporter -->
<testsuite hostname="DESKTOP-SUCKV7U" failures="0" tests="1" name="Passport_Lite_Prod.TC_Consent_Text_201" time="4.728" errors="0" timestamp="2021-07-20T13:57:44 IST" skipped="0">
  <testcase classname="Passport_Lite_Prod.TC_Consent_Text_201" name="APIResponse" time="4.728"/>
  <system-out/>
</testsuite> <!-- Passport_Lite_Prod.TC_Consent_Text_201 -->
