<?xml version="1.0" encoding="UTF-8"?>
<!-- Generated by org.testng.reporters.JUnitReportReporter -->
<testsuite hostname="DESKTOP-SUCKV7U" failures="0" tests="1" name="GST_Advance_Test.TC_GET" time="5.407" errors="0" timestamp="2021-07-07T20:19:40 IST" skipped="0">
  <testcase classname="GST_Advance_Test.TC_GET" name="APIResponse" time="5.407"/>
  <system-out/>
</testsuite> <!-- GST_Advance_Test.TC_GET -->
