<?xml version="1.0" encoding="UTF-8"?>
<!-- Generated by org.testng.reporters.JUnitReportReporter -->
<testsuite hostname="DESKTOP-SUCKV7U" failures="0" tests="1" name="Passport_Lite_Prod.TC_Blank_Body" time="5.121" errors="0" timestamp="2021-07-16T19:33:33 IST" skipped="0">
  <testcase classname="Passport_Lite_Prod.TC_Blank_Body" name="APIResponse" time="5.121"/>
  <system-out/>
</testsuite> <!-- Passport_Lite_Prod.TC_Blank_Body -->
