<?xml version="1.0" encoding="UTF-8"?>
<!-- Generated by org.testng.reporters.JUnitReportReporter -->
<testsuite hostname="DESKTOP-SUCKV7U" failures="0" tests="1" name="Voter_Advance_Prod.TC_Consent_N" time="21.884" errors="0" timestamp="2021-07-19T19:40:16 IST" skipped="0">
  <testcase classname="Voter_Advance_Prod.TC_Consent_N" name="APIResponse" time="21.884"/>
  <system-out/>
</testsuite> <!-- Voter_Advance_Prod.TC_Consent_N -->
