<?xml version="1.0" encoding="UTF-8"?>
<!-- Generated by org.testng.reporters.JUnitReportReporter -->
<testsuite hostname="DESKTOP-SUCKV7U" failures="0" tests="1" name="GST_Lite_Test.TC_InValid_APP_Id_API_Key" time="53.195" errors="0" timestamp="2021-07-19T15:58:59 IST" skipped="0">
  <testcase classname="GST_Lite_Test.TC_InValid_APP_Id_API_Key" name="APIResponse" time="53.195"/>
  <system-out/>
</testsuite> <!-- GST_Lite_Test.TC_InValid_APP_Id_API_Key -->
