<?xml version="1.0" encoding="UTF-8"?>
<!-- Generated by org.testng.reporters.JUnitReportReporter -->
<testsuite hostname="DESKTOP-SUCKV7U" failures="0" tests="1" name="DL_Advance_Test.TC_Blank_APP_Id" time="4.186" errors="0" timestamp="2021-07-18T21:34:00 IST" skipped="0">
  <testcase classname="DL_Advance_Test.TC_Blank_APP_Id" name="APIResponse" time="4.186"/>
  <system-out/>
</testsuite> <!-- DL_Advance_Test.TC_Blank_APP_Id -->
