<?xml version="1.0" encoding="UTF-8"?>
<!-- Generated by org.testng.reporters.JUnitReportReporter -->
<testsuite hostname="DESKTOP-SUCKV7U" failures="0" tests="1" name="RC_Lite_Prod.TC_Disable_Account" time="5.512" errors="0" timestamp="2021-07-19T18:26:51 IST" skipped="0">
  <testcase classname="RC_Lite_Prod.TC_Disable_Account" name="APIResponse" time="5.512"/>
  <system-out/>
</testsuite> <!-- RC_Lite_Prod.TC_Disable_Account -->
