<?xml version="1.0" encoding="UTF-8"?>
<!-- Generated by org.testng.reporters.JUnitReportReporter -->
<testsuite hostname="DESKTOP-SUCKV7U" failures="0" tests="1" name="BAV_Lite_Test.TC_Consent_Text_201" time="8.617" errors="0" timestamp="2021-07-15T14:18:29 IST" skipped="0">
  <testcase classname="BAV_Lite_Test.TC_Consent_Text_201" name="APIResponse" time="8.617"/>
  <system-out/>
</testsuite> <!-- BAV_Lite_Test.TC_Consent_Text_201 -->
