<?xml version="1.0" encoding="UTF-8"?>
<!-- Generated by org.testng.reporters.JUnitReportReporter -->
<testsuite hostname="DESKTOP-SUCKV7U" failures="0" tests="1" name="RC_Lite_Test.TC_Consent_N" time="7.308" errors="0" timestamp="2021-07-15T16:34:22 IST" skipped="0">
  <testcase classname="RC_Lite_Test.TC_Consent_N" name="APIResponse" time="7.308"/>
  <system-out/>
</testsuite> <!-- RC_Lite_Test.TC_Consent_N -->
