<?xml version="1.0" encoding="UTF-8"?>
<!-- Generated by org.testng.reporters.JUnitReportReporter -->
<testsuite hostname="DESKTOP-SUCKV7U" failures="0" tests="1" name="PAN_Advance_Prod.TC_InValid_APP_Id_API_Key" time="0.115" errors="0" timestamp="2021-07-22T11:30:02 IST" skipped="0">
  <testcase classname="PAN_Advance_Prod.TC_InValid_APP_Id_API_Key" name="APIResponse" time="0.115"/>
  <system-out/>
</testsuite> <!-- PAN_Advance_Prod.TC_InValid_APP_Id_API_Key -->
