<?xml version="1.0" encoding="UTF-8"?>
<!-- Generated by org.testng.reporters.JUnitReportReporter -->
<testsuite hostname="DESKTOP-SUCKV7U" failures="0" tests="1" name="RC_Lite_Prod.TC_Not_Disable_Account" time="4.093" errors="0" timestamp="2021-07-22T11:29:57 IST" skipped="0">
  <testcase classname="RC_Lite_Prod.TC_Not_Disable_Account" name="APIResponse" time="4.093"/>
  <system-out/>
</testsuite> <!-- RC_Lite_Prod.TC_Not_Disable_Account -->
