<?xml version="1.0" encoding="UTF-8"?>
<!-- Generated by org.testng.reporters.JUnitReportReporter -->
<testsuite hostname="DESKTOP-SUCKV7U" failures="0" tests="1" name="PAN_Advance_Test.TC_InActive_APP_ID" time="0.401" errors="0" timestamp="2021-07-22T11:29:55 IST" skipped="0">
  <testcase classname="PAN_Advance_Test.TC_InActive_APP_ID" name="APIResponse" time="0.401"/>
  <system-out/>
</testsuite> <!-- PAN_Advance_Test.TC_InActive_APP_ID -->
