<?xml version="1.0" encoding="UTF-8"?>
<!-- Generated by org.testng.reporters.JUnitReportReporter -->
<testsuite hostname="DESKTOP-SUCKV7U" failures="0" tests="2" name="Voter_Advance_Test.TC_Valid_Invalid_Voter" time="3.915" errors="0" timestamp="2021-07-07T21:54:26 IST" skipped="0">
  <testcase classname="Voter_Advance_Test.TC_Valid_Invalid_Voter" name="APIResponse" time="0.597"/>
  <system-out/>
  <testcase classname="Voter_Advance_Test.TC_Valid_Invalid_Voter" name="APIResponse" time="3.318"/>
  <system-out/>
</testsuite> <!-- Voter_Advance_Test.TC_Valid_Invalid_Voter -->
