<?xml version="1.0" encoding="UTF-8"?>
<!-- Generated by org.testng.reporters.JUnitReportReporter -->
<testsuite hostname="DESKTOP-SUCKV7U" failures="0" tests="1" name="Passport_Lite_Prod.TC_InValid_APP_Id_API_Key" time="2.450" errors="0" timestamp="2021-07-22T15:51:23 IST" skipped="0">
  <testcase classname="Passport_Lite_Prod.TC_InValid_APP_Id_API_Key" name="APIResponse" time="2.450"/>
  <system-out/>
</testsuite> <!-- Passport_Lite_Prod.TC_InValid_APP_Id_API_Key -->
