<?xml version="1.0" encoding="UTF-8"?>
<!-- Generated by org.testng.reporters.JUnitReportReporter -->
<testsuite hostname="DESKTOP-SUCKV7U" failures="0" tests="1" name="RC_Lite_Test.TC_InValid_API_key" time="5.498" errors="0" timestamp="2021-07-15T17:34:38 IST" skipped="0">
  <testcase classname="RC_Lite_Test.TC_InValid_API_key" name="APIResponse" time="5.498"/>
  <system-out/>
</testsuite> <!-- RC_Lite_Test.TC_InValid_API_key -->
