<?xml version="1.0" encoding="UTF-8"?>
<!-- Generated by org.testng.reporters.JUnitReportReporter -->
<testsuite hostname="DESKTOP-SUCKV7U" failures="0" tests="1" name="RC_Lite_Test.TC_InValid_EndPoint" time="0.182" errors="0" timestamp="2021-07-22T11:29:58 IST" skipped="0">
  <testcase classname="RC_Lite_Test.TC_InValid_EndPoint" name="APIResponse" time="0.182"/>
  <system-out/>
</testsuite> <!-- RC_Lite_Test.TC_InValid_EndPoint -->
