<?xml version="1.0" encoding="UTF-8"?>
<!-- Generated by org.testng.reporters.JUnitReportReporter -->
<testsuite hostname="DESKTOP-SUCKV7U" failures="0" tests="1" name="IFSC_Lite_Test.TC_Low_Balance_Wallet" time="0.241" errors="0" timestamp="2021-07-31T21:11:39 IST" skipped="0">
  <testcase classname="IFSC_Lite_Test.TC_Low_Balance_Wallet" name="APIResponse" time="0.241"/>
  <system-out/>
</testsuite> <!-- IFSC_Lite_Test.TC_Low_Balance_Wallet -->
