<?xml version="1.0" encoding="UTF-8"?>
<!-- Generated by org.testng.reporters.JUnitReportReporter -->
<testsuite hostname="DESKTOP-SUCKV7U" failures="0" tests="1" name="Passport_Lite_Test.TC_InActive_APP_ID" time="0.644" errors="0" timestamp="2021-07-23T16:56:02 IST" skipped="0">
  <testcase classname="Passport_Lite_Test.TC_InActive_APP_ID" name="APIResponse" time="0.644"/>
  <system-out/>
</testsuite> <!-- Passport_Lite_Test.TC_InActive_APP_ID -->
