<?xml version="1.0" encoding="UTF-8"?>
<!-- Generated by org.testng.reporters.JUnitReportReporter -->
<testsuite hostname="DESKTOP-SUCKV7U" failures="0" tests="1" name="GST_Lite_Test.TC_InValid_GST" time="0.950" errors="0" timestamp="2021-07-22T15:51:23 IST" skipped="0">
  <testcase classname="GST_Lite_Test.TC_InValid_GST" name="APIResponse" time="0.950"/>
  <system-out/>
</testsuite> <!-- GST_Lite_Test.TC_InValid_GST -->
