<?xml version="1.0" encoding="UTF-8"?>
<!-- Generated by org.testng.reporters.JUnitReportReporter -->
<testsuite hostname="DESKTOP-SUCKV7U" failures="0" tests="1" name="GST_Advance_Test.TC_Product_Subscribed" time="6.537" errors="0" timestamp="2021-07-20T13:21:52 IST" skipped="0">
  <testcase classname="GST_Advance_Test.TC_Product_Subscribed" name="APIResponse" time="6.537"/>
  <system-out/>
</testsuite> <!-- GST_Advance_Test.TC_Product_Subscribed -->
