<?xml version="1.0" encoding="UTF-8"?>
<!-- Generated by org.testng.reporters.JUnitReportReporter -->
<testsuite hostname="DESKTOP-SUCKV7U" failures="0" tests="1" name="RC_Lite_Test.TC_InActive_APP_ID" time="0.227" errors="0" timestamp="2021-07-22T11:29:56 IST" skipped="0">
  <testcase classname="RC_Lite_Test.TC_InActive_APP_ID" name="APIResponse" time="0.227"/>
  <system-out/>
</testsuite> <!-- RC_Lite_Test.TC_InActive_APP_ID -->
