<?xml version="1.0" encoding="UTF-8"?>
<!-- Generated by org.testng.reporters.JUnitReportReporter -->
<testsuite hostname="DESKTOP-SUCKV7U" failures="0" tests="1" name="RC_Advance_Prod.TC_InActive_APP_ID" time="0.475" errors="0" timestamp="2021-07-31T21:11:39 IST" skipped="0">
  <testcase classname="RC_Advance_Prod.TC_InActive_APP_ID" name="APIResponse" time="0.475"/>
  <system-out/>
</testsuite> <!-- RC_Advance_Prod.TC_InActive_APP_ID -->
