<?xml version="1.0" encoding="UTF-8"?>
<!-- Generated by org.testng.reporters.JUnitReportReporter -->
<testsuite hostname="DESKTOP-SUCKV7U" failures="0" tests="1" name="GST_Lite_Prod.TC_InValid_EndPoint" time="3.022" errors="0" timestamp="2021-07-07T14:50:48 IST" skipped="0">
  <testcase classname="GST_Lite_Prod.TC_InValid_EndPoint" name="APIResponse" time="3.022"/>
  <system-out/>
</testsuite> <!-- GST_Lite_Prod.TC_InValid_EndPoint -->
