<?xml version="1.0" encoding="UTF-8"?>
<!-- Generated by org.testng.reporters.JUnitReportReporter -->
<testsuite hostname="DESKTOP-SUCKV7U" failures="0" tests="1" name="Voter_Advance_Test.TC_Not_Disable_Account" time="26.508" errors="0" timestamp="2021-07-20T15:16:36 IST" skipped="0">
  <testcase classname="Voter_Advance_Test.TC_Not_Disable_Account" name="APIResponse" time="26.508"/>
  <system-out/>
</testsuite> <!-- Voter_Advance_Test.TC_Not_Disable_Account -->
