<?xml version="1.0" encoding="UTF-8"?>
<!-- Generated by org.testng.reporters.JUnitReportReporter -->
<testsuite hostname="DESKTOP-SUCKV7U" failures="0" tests="1" name="Passport_Lite_Prod.TC_Not_Disable_Account" time="0.529" errors="0" timestamp="2021-07-22T15:51:22 IST" skipped="0">
  <testcase classname="Passport_Lite_Prod.TC_Not_Disable_Account" name="APIResponse" time="0.529"/>
  <system-out/>
</testsuite> <!-- Passport_Lite_Prod.TC_Not_Disable_Account -->
