<?xml version="1.0" encoding="UTF-8"?>
<!-- Generated by org.testng.reporters.JUnitReportReporter -->
<testsuite hostname="DESKTOP-SUCKV7U" failures="0" tests="1" name="PAN_Lite_Prod.TC_Blank_Body" time="0.175" errors="0" timestamp="2021-07-22T11:30:01 IST" skipped="0">
  <testcase classname="PAN_Lite_Prod.TC_Blank_Body" name="APIResponse" time="0.175"/>
  <system-out/>
</testsuite> <!-- PAN_Lite_Prod.TC_Blank_Body -->
