<?xml version="1.0" encoding="UTF-8"?>
<!-- Generated by org.testng.reporters.JUnitReportReporter -->
<testsuite hostname="DESKTOP-SUCKV7U" failures="0" tests="1" name="RC_Advance_Prod.TC_Disable_Account" time="11.740" errors="0" timestamp="2021-07-20T15:34:38 IST" skipped="0">
  <testcase classname="RC_Advance_Prod.TC_Disable_Account" name="APIResponse" time="11.740"/>
  <system-out/>
</testsuite> <!-- RC_Advance_Prod.TC_Disable_Account -->
