<?xml version="1.0" encoding="UTF-8"?>
<!-- Generated by org.testng.reporters.JUnitReportReporter -->
<testsuite hostname="DESKTOP-SUCKV7U" failures="0" tests="1" name="Voter_Advance_Test1.TC_Blank_API_key" time="4.323" errors="0" timestamp="2021-07-19T21:55:56 IST" skipped="0">
  <testcase classname="Voter_Advance_Test1.TC_Blank_API_key" name="APIResponse" time="4.323"/>
  <system-out/>
</testsuite> <!-- Voter_Advance_Test1.TC_Blank_API_key -->
