<?xml version="1.0" encoding="UTF-8"?>
<!-- Generated by org.testng.reporters.JUnitReportReporter -->
<testsuite hostname="DESKTOP-SUCKV7U" failures="0" tests="1" name="RC_Advance_Test.TC_InActive_API_key" time="2.447" errors="0" timestamp="2021-07-22T15:51:23 IST" skipped="0">
  <testcase classname="RC_Advance_Test.TC_InActive_API_key" name="APIResponse" time="2.447"/>
  <system-out/>
</testsuite> <!-- RC_Advance_Test.TC_InActive_API_key -->
