<?xml version="1.0" encoding="UTF-8"?>
<!-- Generated by org.testng.reporters.JUnitReportReporter -->
<testsuite hostname="DESKTOP-SUCKV7U" failures="0" tests="1" name="DL_Advance_Test.TC_Blank_API_key" time="0.408" errors="0" timestamp="2021-07-31T21:11:39 IST" skipped="0">
  <testcase classname="DL_Advance_Test.TC_Blank_API_key" name="APIResponse" time="0.408"/>
  <system-out/>
</testsuite> <!-- DL_Advance_Test.TC_Blank_API_key -->
